<?xml version="1.0" encoding="UTF-8"?>
<coverage generated="1781253364527" clover="3.2.0">
  <project timestamp="1781253364527" name="All files">
    <metrics statements="1314" coveredstatements="973" conditionals="656" coveredconditionals="384" methods="297" coveredmethods="225" elements="2267" coveredelements="1582" complexity="0" loc="1314" ncloc="1314" packages="15" files="28" classes="28"/>
    <package name="components.features">
      <metrics statements="52" coveredstatements="37" conditionals="22" coveredconditionals="12" methods="23" coveredmethods="14"/>
      <file name="dashboard.ts" path="/media/naranyala/Data/projects-remote/exba-wasm-web-starter/src/components/features/dashboard.ts">
        <metrics statements="52" coveredstatements="37" conditionals="22" coveredconditionals="12" methods="23" coveredmethods="14"/>
        <line num="12" count="1" type="stmt"/>
        <line num="13" count="1" type="stmt"/>
        <line num="18" count="1" type="stmt"/>
        <line num="26" count="29" type="cond" truecount="2" falsecount="0"/>
        <line num="32" count="29" type="stmt"/>
        <line num="39" count="1" type="stmt"/>
        <line num="40" count="1" type="cond" truecount="1" falsecount="1"/>
        <line num="47" count="0" type="stmt"/>
        <line num="48" count="0" type="cond" truecount="0" falsecount="2"/>
        <line num="60" count="0" type="stmt"/>
        <line num="61" count="0" type="cond" truecount="0" falsecount="2"/>
        <line num="66" count="1" type="stmt"/>
        <line num="75" count="1" type="cond" truecount="1" falsecount="1"/>
        <line num="76" count="1" type="stmt"/>
        <line num="86" count="1" type="stmt"/>
        <line num="88" count="3" type="stmt"/>
        <line num="105" count="3" type="stmt"/>
        <line num="106" count="3" type="stmt"/>
        <line num="109" count="3" type="stmt"/>
        <line num="112" count="3" type="stmt"/>
        <line num="113" count="3" type="stmt"/>
        <line num="114" count="3" type="stmt"/>
        <line num="116" count="1" type="stmt"/>
        <line num="120" count="1" type="stmt"/>
        <line num="133" count="1" type="stmt"/>
        <line num="134" count="4" type="cond" truecount="2" falsecount="0"/>
        <line num="136" count="1" type="stmt"/>
        <line num="140" count="4" type="stmt"/>
        <line num="144" count="0" type="cond" truecount="0" falsecount="2"/>
        <line num="145" count="0" type="stmt"/>
        <line num="151" count="0" type="stmt"/>
        <line num="152" count="0" type="stmt"/>
        <line num="153" count="0" type="stmt"/>
        <line num="157" count="6" type="stmt"/>
        <line num="158" count="29" type="cond" truecount="2" falsecount="0"/>
        <line num="159" count="24" type="stmt"/>
        <line num="161" count="5" type="stmt"/>
        <line num="164" count="6" type="stmt"/>
        <line num="166" count="23" type="cond" truecount="1" falsecount="1"/>
        <line num="168" count="23" type="stmt"/>
        <line num="171" count="23" type="cond" truecount="2" falsecount="0"/>
        <line num="174" count="6" type="stmt"/>
        <line num="198" count="0" type="stmt"/>
        <line num="205" count="0" type="stmt"/>
        <line num="218" count="0" type="stmt"/>
        <line num="224" count="0" type="stmt"/>
        <line num="238" count="0" type="stmt"/>
        <line num="249" count="0" type="stmt"/>
        <line num="266" count="1" type="stmt"/>
        <line num="287" count="23" type="stmt"/>
        <line num="291" count="1" type="stmt"/>
        <line num="292" count="1" type="stmt"/>
      </file>
    </package>
    <package name="components.internal">
      <metrics statements="4" coveredstatements="4" conditionals="0" coveredconditionals="0" methods="1" coveredmethods="1"/>
      <file name="index.ts" path="/media/naranyala/Data/projects-remote/exba-wasm-web-starter/src/components/internal/index.ts">
        <metrics statements="4" coveredstatements="4" conditionals="0" coveredconditionals="0" methods="1" coveredmethods="1"/>
        <line num="11" count="1" type="stmt"/>
        <line num="12" count="1" type="stmt"/>
        <line num="13" count="1" type="stmt"/>
        <line num="14" count="1" type="stmt"/>
      </file>
    </package>
    <package name="components.internal.home">
      <metrics statements="32" coveredstatements="26" conditionals="21" coveredconditionals="13" methods="12" coveredmethods="10"/>
      <file name="index.ts" path="/media/naranyala/Data/projects-remote/exba-wasm-web-starter/src/components/internal/home/index.ts">
        <metrics statements="32" coveredstatements="26" conditionals="21" coveredconditionals="13" methods="12" coveredmethods="10"/>
        <line num="14" count="1" type="stmt"/>
        <line num="15" count="1" type="stmt"/>
        <line num="16" count="1" type="stmt"/>
        <line num="19" count="2" type="stmt"/>
        <line num="25" count="2" type="stmt"/>
        <line num="45" count="2" type="stmt"/>
        <line num="46" count="2" type="stmt"/>
        <line num="48" count="2" type="stmt"/>
        <line num="49" count="2" type="cond" truecount="1" falsecount="1"/>
        <line num="50" count="2" type="stmt"/>
        <line num="51" count="2" type="stmt"/>
        <line num="52" count="2" type="stmt"/>
        <line num="54" count="60" type="cond" truecount="2" falsecount="0"/>
        <line num="57" count="2" type="stmt"/>
        <line num="62" count="2" type="stmt"/>
        <line num="63" count="0" type="stmt"/>
        <line num="65" count="0" type="stmt"/>
        <line num="66" count="0" type="cond" truecount="0" falsecount="2"/>
        <line num="68" count="0" type="cond" truecount="0" falsecount="2"/>
        <line num="71" count="0" type="cond" truecount="0" falsecount="2"/>
        <line num="76" count="0" type="stmt"/>
        <line num="84" count="2" type="stmt"/>
        <line num="94" count="4" type="stmt"/>
        <line num="95" count="4" type="cond" truecount="1" falsecount="1"/>
        <line num="97" count="61" type="stmt"/>
        <line num="99" count="4" type="stmt"/>
        <line num="100" count="12" type="stmt"/>
        <line num="101" count="120" type="stmt"/>
        <line num="103" count="12" type="cond" truecount="2" falsecount="0"/>
        <line num="105" count="7" type="cond" truecount="2" falsecount="0"/>
        <line num="107" count="12" type="stmt"/>
        <line num="117" count="61" type="stmt"/>
      </file>
    </package>
    <package name="components.internal.modal">
      <metrics statements="8" coveredstatements="8" conditionals="2" coveredconditionals="1" methods="4" coveredmethods="4"/>
      <file name="index.ts" path="/media/naranyala/Data/projects-remote/exba-wasm-web-starter/src/components/internal/modal/index.ts">
        <metrics statements="8" coveredstatements="8" conditionals="2" coveredconditionals="1" methods="4" coveredmethods="4"/>
        <line num="14" count="1" type="stmt"/>
        <line num="28" count="2" type="stmt"/>
        <line num="37" count="2" type="stmt"/>
        <line num="43" count="4" type="stmt"/>
        <line num="62" count="2" type="stmt"/>
        <line num="63" count="2" type="stmt"/>
        <line num="64" count="2" type="stmt"/>
        <line num="65" count="1" type="cond" truecount="1" falsecount="1"/>
      </file>
    </package>
    <package name="components.internal.status-bar">
      <metrics statements="13" coveredstatements="13" conditionals="8" coveredconditionals="7" methods="5" coveredmethods="5"/>
      <file name="index.ts" path="/media/naranyala/Data/projects-remote/exba-wasm-web-starter/src/components/internal/status-bar/index.ts">
        <metrics statements="13" coveredstatements="13" conditionals="8" coveredconditionals="7" methods="5" coveredmethods="5"/>
        <line num="15" count="1" type="stmt"/>
        <line num="23" count="1" type="stmt"/>
        <line num="33" count="3" type="stmt"/>
        <line num="34" count="1" type="stmt"/>
        <line num="42" count="4" type="cond" truecount="2" falsecount="0"/>
        <line num="43" count="4" type="cond" truecount="2" falsecount="0"/>
        <line num="44" count="4" type="cond" truecount="2" falsecount="0"/>
        <line num="46" count="4" type="stmt"/>
        <line num="60" count="3" type="stmt"/>
        <line num="61" count="3" type="stmt"/>
        <line num="62" count="1" type="stmt"/>
        <line num="63" count="1" type="cond" truecount="1" falsecount="1"/>
        <line num="64" count="1" type="stmt"/>
      </file>
    </package>
    <package name="components.internal.tab-bar">
      <metrics statements="27" coveredstatements="26" conditionals="8" coveredconditionals="6" methods="9" coveredmethods="9"/>
      <file name="index.ts" path="/media/naranyala/Data/projects-remote/exba-wasm-web-starter/src/components/internal/tab-bar/index.ts">
        <metrics statements="27" coveredstatements="26" conditionals="8" coveredconditionals="6" methods="9" coveredmethods="9"/>
        <line num="3" count="2" type="stmt"/>
        <line num="96" count="4" type="stmt"/>
        <line num="97" count="4" type="stmt"/>
        <line num="100" count="4" type="stmt"/>
        <line num="101" count="4" type="stmt"/>
        <line num="102" count="4" type="stmt"/>
        <line num="109" count="1" type="stmt"/>
        <line num="116" count="3" type="cond" truecount="1" falsecount="1"/>
        <line num="117" count="3" type="stmt"/>
        <line num="118" count="3" type="stmt"/>
        <line num="120" count="0" type="stmt"/>
        <line num="122" count="3" type="stmt"/>
        <line num="130" count="8" type="cond" truecount="1" falsecount="1"/>
        <line num="131" count="8" type="stmt"/>
        <line num="137" count="5" type="stmt"/>
        <line num="148" count="8" type="stmt"/>
        <line num="151" count="1" type="stmt"/>
        <line num="160" count="8" type="stmt"/>
        <line num="161" count="5" type="stmt"/>
        <line num="162" count="2" type="stmt"/>
        <line num="163" count="2" type="cond" truecount="2" falsecount="0"/>
        <line num="164" count="1" type="stmt"/>
        <line num="165" count="1" type="stmt"/>
        <line num="172" count="1" type="stmt"/>
        <line num="174" count="1" type="stmt"/>
        <line num="190" count="1" type="stmt"/>
        <line num="191" count="1" type="stmt"/>
      </file>
    </package>
    <package name="components.widgets">
      <metrics statements="186" coveredstatements="172" conditionals="82" coveredconditionals="62" methods="45" coveredmethods="33"/>
      <file name="accordion.ts" path="/media/naranyala/Data/projects-remote/exba-wasm-web-starter/src/components/widgets/accordion.ts">
        <metrics statements="19" coveredstatements="19" conditionals="14" coveredconditionals="11" methods="7" coveredmethods="6"/>
        <line num="13" count="1" type="stmt"/>
        <line num="15" count="1" type="stmt"/>
        <line num="35" count="2" type="stmt"/>
        <line num="43" count="2" type="stmt"/>
        <line num="44" count="2" type="cond" truecount="2" falsecount="0"/>
        <line num="51" count="6" type="stmt"/>
        <line num="52" count="6" type="stmt"/>
        <line num="70" count="6" type="stmt"/>
        <line num="75" count="18" type="stmt"/>
        <line num="93" count="2" type="stmt"/>
        <line num="94" count="2" type="stmt"/>
        <line num="96" count="2" type="stmt"/>
        <line num="97" count="2" type="stmt"/>
        <line num="98" count="2" type="stmt"/>
        <line num="99" count="2" type="cond" truecount="1" falsecount="1"/>
        <line num="100" count="2" type="stmt"/>
        <line num="103" count="2" type="stmt"/>
        <line num="104" count="2" type="cond" truecount="1" falsecount="1"/>
        <line num="105" count="2" type="stmt"/>
      </file>
      <file name="code-block.ts" path="/media/naranyala/Data/projects-remote/exba-wasm-web-starter/src/components/widgets/code-block.ts">
        <metrics statements="37" coveredstatements="33" conditionals="14" coveredconditionals="8" methods="10" coveredmethods="7"/>
        <line num="16" count="1" type="stmt"/>
        <line num="25" count="1" type="stmt"/>
        <line num="46" count="2" type="stmt"/>
        <line num="47" count="2" type="stmt"/>
        <line num="50" count="2" type="stmt"/>
        <line num="56" count="2" type="stmt"/>
        <line num="57" count="1" type="stmt"/>
        <line num="58" count="1" type="stmt"/>
        <line num="62" count="2" type="stmt"/>
        <line num="63" count="0" type="stmt"/>
        <line num="64" count="0" type="stmt"/>
        <line num="68" count="2" type="stmt"/>
        <line num="74" count="2" type="stmt"/>
        <line num="80" count="2" type="stmt"/>
        <line num="83" count="2" type="stmt"/>
        <line num="89" count="2" type="stmt"/>
        <line num="90" count="0" type="stmt"/>
        <line num="94" count="2" type="stmt"/>
        <line num="95" count="1" type="stmt"/>
        <line num="98" count="2" type="stmt"/>
        <line num="105" count="1" type="cond" truecount="1" falsecount="1"/>
        <line num="106" count="1" type="stmt"/>
        <line num="107" count="1" type="stmt"/>
        <line num="108" count="1" type="stmt"/>
        <line num="109" count="1" type="cond" truecount="1" falsecount="1"/>
        <line num="110" count="1" type="stmt"/>
        <line num="111" count="1" type="stmt"/>
        <line num="114" count="0" type="stmt"/>
        <line num="122" count="2" type="cond" truecount="1" falsecount="1"/>
        <line num="123" count="2" type="cond" truecount="1" falsecount="1"/>
        <line num="124" count="2" type="cond" truecount="2" falsecount="0"/>
        <line num="126" count="2" type="stmt"/>
        <line num="141" count="2" type="stmt"/>
        <line num="142" count="2" type="stmt"/>
        <line num="143" count="1" type="stmt"/>
        <line num="144" count="1" type="cond" truecount="2" falsecount="2"/>
        <line num="145" count="1" type="stmt"/>
      </file>
      <file name="datepicker.ts" path="/media/naranyala/Data/projects-remote/exba-wasm-web-starter/src/components/widgets/datepicker.ts">
        <metrics statements="99" coveredstatements="89" conditionals="40" coveredconditionals="31" methods="16" coveredmethods="10"/>
        <line num="28" count="1" type="stmt"/>
        <line num="30" count="1" type="stmt"/>
        <line num="59" count="3" type="stmt"/>
        <line num="60" count="3" type="stmt"/>
        <line num="71" count="1" type="stmt"/>
        <line num="72" count="1" type="stmt"/>
        <line num="73" count="1" type="cond" truecount="1" falsecount="1"/>
        <line num="74" count="0" type="stmt"/>
        <line num="75" count="0" type="stmt"/>
        <line num="77" count="1" type="stmt"/>
        <line num="84" count="1" type="stmt"/>
        <line num="85" count="1" type="stmt"/>
        <line num="86" count="1" type="cond" truecount="1" falsecount="1"/>
        <line num="87" count="0" type="stmt"/>
        <line num="88" count="0" type="stmt"/>
        <line num="90" count="1" type="stmt"/>
        <line num="98" count="1" type="stmt"/>
        <line num="105" count="0" type="stmt"/>
        <line num="106" count="0" type="stmt"/>
        <line num="118" count="1" type="stmt"/>
        <line num="119" count="1" type="stmt"/>
        <line num="120" count="1" type="stmt"/>
        <line num="128" count="9" type="cond" truecount="2" falsecount="0"/>
        <line num="130" count="9" type="cond" truecount="2" falsecount="0"/>
        <line num="133" count="9" type="cond" truecount="2" falsecount="0"/>
        <line num="135" count="9" type="stmt"/>
        <line num="137" count="9" type="stmt"/>
        <line num="153" count="9" type="stmt"/>
        <line num="154" count="9" type="stmt"/>
        <line num="155" count="9" type="stmt"/>
        <line num="163" count="9" type="stmt"/>
        <line num="166" count="9" type="stmt"/>
        <line num="167" count="13" type="stmt"/>
        <line num="168" count="13" type="cond" truecount="1" falsecount="1"/>
        <line num="169" count="13" type="cond" truecount="1" falsecount="1"/>
        <line num="170" count="13" type="stmt"/>
        <line num="171" count="13" type="stmt"/>
        <line num="172" count="13" type="stmt"/>
        <line num="176" count="9" type="stmt"/>
        <line num="177" count="271" type="stmt"/>
        <line num="178" count="271" type="stmt"/>
        <line num="179" count="271" type="stmt"/>
        <line num="183" count="9" type="stmt"/>
        <line num="184" count="9" type="stmt"/>
        <line num="185" count="9" type="stmt"/>
        <line num="186" count="94" type="cond" truecount="1" falsecount="1"/>
        <line num="187" count="94" type="cond" truecount="1" falsecount="1"/>
        <line num="188" count="94" type="stmt"/>
        <line num="189" count="94" type="stmt"/>
        <line num="190" count="94" type="stmt"/>
        <line num="194" count="9" type="stmt"/>
        <line num="195" count="9" type="cond" truecount="2" falsecount="0"/>
        <line num="196" count="6" type="stmt"/>
        <line num="197" count="6" type="stmt"/>
        <line num="202" count="6" type="stmt"/>
        <line num="210" count="9" type="stmt"/>
        <line num="212" count="9" type="stmt"/>
        <line num="228" count="63" type="stmt"/>
        <line num="231" count="378" type="stmt"/>
        <line num="232" count="378" type="stmt"/>
        <line num="234" count="378" type="stmt"/>
        <line num="235" count="378" type="cond" truecount="2" falsecount="0"/>
        <line num="236" count="271" type="stmt"/>
        <line num="238" count="107" type="stmt"/>
        <line num="241" count="378" type="cond" truecount="2" falsecount="0"/>
        <line num="242" count="8" type="stmt"/>
        <line num="244" count="378" type="cond" truecount="2" falsecount="0"/>
        <line num="245" count="5" type="stmt"/>
        <line num="248" count="378" type="stmt"/>
        <line num="273" count="3" type="stmt"/>
        <line num="274" count="3" type="stmt"/>
        <line num="275" count="3" type="stmt"/>
        <line num="276" count="3" type="stmt"/>
        <line num="277" count="0" type="stmt"/>
        <line num="278" count="3" type="stmt"/>
        <line num="279" count="3" type="stmt"/>
        <line num="280" count="0" type="stmt"/>
        <line num="282" count="3" type="stmt"/>
        <line num="283" count="4" type="stmt"/>
        <line num="285" count="4" type="stmt"/>
        <line num="286" count="4" type="cond" truecount="2" falsecount="0"/>
        <line num="287" count="2" type="stmt"/>
        <line num="288" count="2" type="cond" truecount="2" falsecount="0"/>
        <line num="289" count="2" type="cond" truecount="2" falsecount="0"/>
        <line num="290" count="2" type="stmt"/>
        <line num="293" count="2" type="stmt"/>
        <line num="294" count="2" type="cond" truecount="1" falsecount="1"/>
        <line num="295" count="0" type="stmt"/>
        <line num="296" count="0" type="stmt"/>
        <line num="299" count="2" type="stmt"/>
        <line num="300" count="2" type="cond" truecount="2" falsecount="0"/>
        <line num="301" count="1" type="stmt"/>
        <line num="302" count="1" type="stmt"/>
        <line num="303" count="1" type="stmt"/>
        <line num="306" count="1" type="stmt"/>
        <line num="307" count="1" type="cond" truecount="1" falsecount="1"/>
        <line num="308" count="1" type="stmt"/>
        <line num="309" count="1" type="cond" truecount="1" falsecount="1"/>
        <line num="310" count="1" type="stmt"/>
      </file>
      <file name="drawer.ts" path="/media/naranyala/Data/projects-remote/exba-wasm-web-starter/src/components/widgets/drawer.ts">
        <metrics statements="16" coveredstatements="16" conditionals="10" coveredconditionals="9" methods="8" coveredmethods="6"/>
        <line num="13" count="1" type="stmt"/>
        <line num="15" count="1" type="stmt"/>
        <line num="35" count="1" type="stmt"/>
        <line num="40" count="1" type="stmt"/>
        <line num="44" count="1" type="stmt"/>
        <line num="51" count="4" type="stmt"/>
        <line num="53" count="4" type="stmt"/>
        <line num="72" count="1" type="stmt"/>
        <line num="73" count="1" type="stmt"/>
        <line num="74" count="1" type="stmt"/>
        <line num="76" count="1" type="stmt"/>
        <line num="77" count="2" type="stmt"/>
        <line num="78" count="2" type="cond" truecount="2" falsecount="0"/>
        <line num="79" count="1" type="stmt"/>
        <line num="80" count="1" type="cond" truecount="3" falsecount="1"/>
        <line num="81" count="1" type="stmt"/>
      </file>
      <file name="index.ts" path="/media/naranyala/Data/projects-remote/exba-wasm-web-starter/src/components/widgets/index.ts">
        <metrics statements="6" coveredstatements="6" conditionals="0" coveredconditionals="0" methods="1" coveredmethods="1"/>
        <line num="13" count="1" type="stmt"/>
        <line num="14" count="1" type="stmt"/>
        <line num="15" count="1" type="stmt"/>
        <line num="16" count="1" type="stmt"/>
        <line num="17" count="1" type="stmt"/>
        <line num="18" count="1" type="stmt"/>
      </file>
      <file name="my-widget.ts" path="/media/naranyala/Data/projects-remote/exba-wasm-web-starter/src/components/widgets/my-widget.ts">
        <metrics statements="9" coveredstatements="9" conditionals="4" coveredconditionals="3" methods="3" coveredmethods="3"/>
        <line num="12" count="2" type="stmt"/>
        <line num="14" count="1" type="stmt"/>
        <line num="16" count="2" type="stmt"/>
        <line num="20" count="2" type="stmt"/>
        <line num="28" count="1" type="stmt"/>
        <line num="29" count="1" type="stmt"/>
        <line num="30" count="1" type="cond" truecount="3" falsecount="1"/>
        <line num="31" count="1" type="stmt"/>
        <line num="37" count="2" type="stmt"/>
      </file>
    </package>
    <package name="components.widgets.exba-greeting">
      <metrics statements="4" coveredstatements="4" conditionals="2" coveredconditionals="1" methods="1" coveredmethods="1"/>
      <file name="index.ts" path="/media/naranyala/Data/projects-remote/exba-wasm-web-starter/src/components/widgets/exba-greeting/index.ts">
        <metrics statements="4" coveredstatements="4" conditionals="2" coveredconditionals="1" methods="1" coveredmethods="1"/>
        <line num="5" count="1" type="stmt"/>
        <line num="9" count="1" type="stmt"/>
        <line num="15" count="1" type="cond" truecount="1" falsecount="1"/>
        <line num="16" count="1" type="stmt"/>
      </file>
    </package>
    <package name="core.dom">
      <metrics statements="322" coveredstatements="200" conditionals="222" coveredconditionals="132" methods="24" coveredmethods="18"/>
      <file name="dom.ts" path="/media/naranyala/Data/projects-remote/exba-wasm-web-starter/src/core/dom/dom.ts">
        <metrics statements="218" coveredstatements="143" conditionals="159" coveredconditionals="105" methods="14" coveredmethods="11"/>
        <line num="28" count="61" type="stmt"/>
        <line num="48" count="91" type="stmt"/>
        <line num="50" count="91" type="cond" truecount="2" falsecount="0"/>
        <line num="55" count="91" type="cond" truecount="2" falsecount="2"/>
        <line num="56" count="0" type="stmt"/>
        <line num="57" count="0" type="stmt"/>
        <line num="58" count="0" type="stmt"/>
        <line num="64" count="0" type="cond" truecount="0" falsecount="4"/>
        <line num="65" count="0" type="stmt"/>
        <line num="66" count="0" type="stmt"/>
        <line num="67" count="0" type="cond" truecount="0" falsecount="2"/>
        <line num="68" count="0" type="stmt"/>
        <line num="70" count="0" type="stmt"/>
        <line num="73" count="0" type="stmt"/>
        <line num="79" count="91" type="stmt"/>
        <line num="80" count="91" type="stmt"/>
        <line num="82" count="91" type="stmt"/>
        <line num="87" count="91" type="stmt"/>
        <line num="90" count="91" type="cond" truecount="2" falsecount="0"/>
        <line num="91" count="38" type="stmt"/>
        <line num="96" count="61" type="stmt"/>
        <line num="97" count="503" type="stmt"/>
        <line num="98" count="503" type="stmt"/>
        <line num="100" count="503" type="cond" truecount="4" falsecount="0"/>
        <line num="101" count="61" type="stmt"/>
        <line num="104" count="442" type="stmt"/>
        <line num="105" count="442" type="cond" truecount="2" falsecount="0"/>
        <line num="106" count="169" type="stmt"/>
        <line num="107" count="169" type="stmt"/>
        <line num="108" count="169" type="stmt"/>
        <line num="109" count="169" type="stmt"/>
        <line num="110" count="169" type="stmt"/>
        <line num="111" count="169" type="stmt"/>
        <line num="115" count="273" type="stmt"/>
        <line num="116" count="273" type="cond" truecount="2" falsecount="0"/>
        <line num="117" count="181" type="stmt"/>
        <line num="118" count="181" type="stmt"/>
        <line num="122" count="181" type="stmt"/>
        <line num="123" count="181" type="stmt"/>
        <line num="124" count="181" type="stmt"/>
        <line num="125" count="181" type="stmt"/>
        <line num="129" count="92" type="cond" truecount="1" falsecount="1"/>
        <line num="135" count="0" type="stmt"/>
        <line num="138" count="92" type="cond" truecount="2" falsecount="0"/>
        <line num="139" count="6" type="stmt"/>
        <line num="141" count="23" type="cond" truecount="1" falsecount="1"/>
        <line num="147" count="23" type="stmt"/>
        <line num="149" count="0" type="stmt"/>
        <line num="152" count="86" type="cond" truecount="1" falsecount="1"/>
        <line num="153" count="0" type="stmt"/>
        <line num="155" count="86" type="stmt"/>
        <line num="159" count="153" type="stmt"/>
        <line num="164" count="169" type="stmt"/>
        <line num="165" count="169" type="stmt"/>
        <line num="166" count="169" type="cond" truecount="2" falsecount="0"/>
        <line num="167" count="338" type="stmt"/>
        <line num="168" count="338" type="stmt"/>
        <line num="169" count="4938" type="cond" truecount="2" falsecount="0"/>
        <line num="170" count="146" type="stmt"/>
        <line num="173" count="192" type="stmt"/>
        <line num="176" count="23" type="stmt"/>
        <line num="177" count="23" type="cond" truecount="3" falsecount="1"/>
        <line num="178" count="23" type="stmt"/>
        <line num="179" count="46" type="stmt"/>
        <line num="181" count="23" type="cond" truecount="1" falsecount="1"/>
        <line num="183" count="0" type="stmt"/>
        <line num="188" count="38" type="cond" truecount="1" falsecount="1"/>
        <line num="192" count="38" type="stmt"/>
        <line num="193" count="543" type="cond" truecount="1" falsecount="1"/>
        <line num="195" count="543" type="stmt"/>
        <line num="196" count="543" type="stmt"/>
        <line num="198" count="927" type="cond" truecount="2" falsecount="0"/>
        <line num="199" count="181" type="stmt"/>
        <line num="200" count="181" type="cond" truecount="1" falsecount="1"/>
        <line num="201" count="181" type="stmt"/>
        <line num="203" count="181" type="cond" truecount="1" falsecount="1"/>
        <line num="204" count="181" type="cond" truecount="2" falsecount="0"/>
        <line num="205" count="181" type="cond" truecount="2" falsecount="0"/>
        <line num="206" count="100" type="stmt"/>
        <line num="209" count="181" type="stmt"/>
        <line num="210" count="181" type="stmt"/>
        <line num="211" count="181" type="stmt"/>
        <line num="213" count="181" type="stmt"/>
        <line num="216" count="746" type="cond" truecount="2" falsecount="0"/>
        <line num="217" count="169" type="stmt"/>
        <line num="218" count="169" type="cond" truecount="1" falsecount="1"/>
        <line num="219" count="169" type="stmt"/>
        <line num="221" count="169" type="stmt"/>
        <line num="222" count="169" type="stmt"/>
        <line num="223" count="169" type="stmt"/>
        <line num="230" count="929" type="stmt"/>
        <line num="233" count="929" type="stmt"/>
        <line num="234" count="2569" type="cond" truecount="2" falsecount="0"/>
        <line num="237" count="929" type="cond" truecount="2" falsecount="0"/>
        <line num="238" count="926" type="stmt"/>
        <line num="240" count="926" type="stmt"/>
        <line num="241" count="2563" type="stmt"/>
        <line num="242" count="2563" type="stmt"/>
        <line num="245" count="2563" type="cond" truecount="2" falsecount="0"/>
        <line num="246" count="154" type="cond" truecount="1" falsecount="1"/>
        <line num="247" count="154" type="stmt"/>
        <line num="251" count="2409" type="cond" truecount="1" falsecount="1"/>
        <line num="252" count="0" type="stmt"/>
        <line num="253" count="0" type="stmt"/>
        <line num="257" count="2409" type="cond" truecount="1" falsecount="1"/>
        <line num="261" count="0" type="stmt"/>
        <line num="262" count="0" type="stmt"/>
        <line num="266" count="2409" type="cond" truecount="2" falsecount="0"/>
        <line num="267" count="1570" type="cond" truecount="2" falsecount="0"/>
        <line num="268" count="101" type="cond" truecount="1" falsecount="1"/>
        <line num="270" count="1570" type="stmt"/>
        <line num="274" count="839" type="cond" truecount="4" falsecount="0"/>
        <line num="275" count="827" type="stmt"/>
        <line num="276" count="827" type="cond" truecount="1" falsecount="1"/>
        <line num="277" count="827" type="stmt"/>
        <line num="281" count="926" type="stmt"/>
        <line num="285" count="3" type="stmt"/>
        <line num="286" count="3" type="stmt"/>
        <line num="288" count="3" type="stmt"/>
        <line num="289" count="27" type="cond" truecount="4" falsecount="0"/>
        <line num="290" count="12" type="stmt"/>
        <line num="292" count="15" type="stmt"/>
        <line num="296" count="3" type="stmt"/>
        <line num="297" count="3" type="stmt"/>
        <line num="298" count="25" type="stmt"/>
        <line num="299" count="25" type="stmt"/>
        <line num="301" count="25" type="cond" truecount="4" falsecount="0"/>
        <line num="302" count="11" type="stmt"/>
        <line num="303" count="11" type="cond" truecount="1" falsecount="1"/>
        <line num="304" count="11" type="stmt"/>
        <line num="305" count="11" type="stmt"/>
        <line num="307" count="14" type="cond" truecount="1" falsecount="1"/>
        <line num="308" count="14" type="stmt"/>
        <line num="311" count="25" type="cond" truecount="1" falsecount="1"/>
        <line num="312" count="25" type="cond" truecount="1" falsecount="1"/>
        <line num="316" count="25" type="cond" truecount="2" falsecount="0"/>
        <line num="317" count="14" type="cond" truecount="2" falsecount="0"/>
        <line num="318" count="1" type="cond" truecount="1" falsecount="1"/>
        <line num="320" count="11" type="cond" truecount="1" falsecount="1"/>
        <line num="324" count="11" type="stmt"/>
        <line num="325" count="11" type="cond" truecount="1" falsecount="1"/>
        <line num="326" count="11" type="stmt"/>
        <line num="330" count="0" type="stmt"/>
        <line num="333" count="0" type="stmt"/>
        <line num="336" count="25" type="stmt"/>
        <line num="337" count="25" type="cond" truecount="2" falsecount="0"/>
        <line num="338" count="9" type="cond" truecount="1" falsecount="1"/>
        <line num="339" count="9" type="stmt"/>
        <line num="341" count="0" type="stmt"/>
        <line num="346" count="3" type="stmt"/>
        <line num="347" count="1" type="stmt"/>
        <line num="350" count="3" type="stmt"/>
        <line num="351" count="1" type="stmt"/>
        <line num="356" count="838" type="stmt"/>
        <line num="357" count="838" type="stmt"/>
        <line num="360" count="838" type="stmt"/>
        <line num="361" count="1127" type="cond" truecount="1" falsecount="1"/>
        <line num="362" count="0" type="stmt"/>
        <line num="367" count="838" type="stmt"/>
        <line num="368" count="1318" type="stmt"/>
        <line num="369" count="1318" type="cond" truecount="2" falsecount="0"/>
        <line num="370" count="320" type="cond" truecount="1" falsecount="1"/>
        <line num="375" count="838" type="cond" truecount="5" falsecount="1"/>
        <line num="380" count="43" type="cond" truecount="2" falsecount="0"/>
        <line num="381" count="25" type="stmt"/>
        <line num="390" count="0" type="stmt"/>
        <line num="392" count="0" type="stmt"/>
        <line num="393" count="0" type="cond" truecount="0" falsecount="2"/>
        <line num="394" count="0" type="stmt"/>
        <line num="396" count="0" type="stmt"/>
        <line num="399" count="0" type="stmt"/>
        <line num="400" count="0" type="stmt"/>
        <line num="401" count="0" type="stmt"/>
        <line num="403" count="0" type="cond" truecount="0" falsecount="7"/>
        <line num="405" count="0" type="stmt"/>
        <line num="407" count="0" type="cond" truecount="0" falsecount="2"/>
        <line num="408" count="0" type="stmt"/>
        <line num="410" count="0" type="stmt"/>
        <line num="412" count="0" type="stmt"/>
        <line num="413" count="0" type="stmt"/>
        <line num="416" count="0" type="stmt"/>
        <line num="417" count="0" type="stmt"/>
        <line num="418" count="0" type="cond" truecount="0" falsecount="2"/>
        <line num="419" count="0" type="stmt"/>
        <line num="421" count="0" type="stmt"/>
        <line num="424" count="0" type="stmt"/>
        <line num="425" count="0" type="stmt"/>
        <line num="426" count="0" type="cond" truecount="0" falsecount="2"/>
        <line num="427" count="0" type="stmt"/>
        <line num="429" count="0" type="stmt"/>
        <line num="432" count="0" type="stmt"/>
        <line num="433" count="0" type="stmt"/>
        <line num="434" count="0" type="stmt"/>
        <line num="435" count="0" type="stmt"/>
        <line num="438" count="0" type="stmt"/>
        <line num="439" count="0" type="stmt"/>
        <line num="440" count="0" type="stmt"/>
        <line num="441" count="0" type="stmt"/>
        <line num="442" count="0" type="stmt"/>
        <line num="445" count="0" type="stmt"/>
        <line num="446" count="0" type="stmt"/>
        <line num="447" count="0" type="stmt"/>
        <line num="448" count="0" type="stmt"/>
        <line num="449" count="0" type="stmt"/>
        <line num="452" count="0" type="stmt"/>
        <line num="453" count="0" type="stmt"/>
        <line num="454" count="0" type="stmt"/>
        <line num="455" count="0" type="stmt"/>
        <line num="456" count="0" type="stmt"/>
        <line num="457" count="0" type="stmt"/>
        <line num="464" count="0" type="cond" truecount="0" falsecount="2"/>
        <line num="465" count="0" type="stmt"/>
        <line num="466" count="0" type="stmt"/>
        <line num="467" count="0" type="stmt"/>
        <line num="468" count="0" type="cond" truecount="0" falsecount="2"/>
        <line num="469" count="0" type="stmt"/>
        <line num="471" count="0" type="stmt"/>
        <line num="473" count="0" type="stmt"/>
      </file>
      <file name="processor.ts" path="/media/naranyala/Data/projects-remote/exba-wasm-web-starter/src/core/dom/processor.ts">
        <metrics statements="99" coveredstatements="53" conditionals="63" coveredconditionals="27" methods="8" coveredmethods="7"/>
        <line num="7" count="4" type="stmt"/>
        <line num="8" count="4" type="cond" truecount="2" falsecount="0"/>
        <line num="11" count="3" type="stmt"/>
        <line num="12" count="3" type="stmt"/>
        <line num="13" count="14" type="cond" truecount="4" falsecount="0"/>
        <line num="14" count="2" type="stmt"/>
        <line num="15" count="2" type="cond" truecount="1" falsecount="1"/>
        <line num="18" count="1" type="stmt"/>
        <line num="34" count="9" type="stmt"/>
        <line num="36" count="9" type="stmt"/>
        <line num="44" count="3" type="stmt"/>
        <line num="46" count="3" type="cond" truecount="1" falsecount="1"/>
        <line num="47" count="0" type="stmt"/>
        <line num="52" count="0" type="stmt"/>
        <line num="55" count="3" type="stmt"/>
        <line num="56" count="3" type="stmt"/>
        <line num="59" count="3" type="cond" truecount="2" falsecount="0"/>
        <line num="60" count="2" type="stmt"/>
        <line num="61" count="2" type="stmt"/>
        <line num="65" count="3" type="stmt"/>
        <line num="68" count="3" type="stmt"/>
        <line num="69" count="3" type="stmt"/>
        <line num="70" count="3" type="stmt"/>
        <line num="71" count="3" type="cond" truecount="2" falsecount="0"/>
        <line num="74" count="3" type="cond" truecount="2" falsecount="0"/>
        <line num="75" count="1" type="stmt"/>
        <line num="78" count="3" type="stmt"/>
        <line num="87" count="2" type="cond" truecount="2" falsecount="3"/>
        <line num="89" count="0" type="stmt"/>
        <line num="90" count="0" type="stmt"/>
        <line num="93" count="1" type="stmt"/>
        <line num="94" count="1" type="cond" truecount="1" falsecount="1"/>
        <line num="95" count="1" type="stmt"/>
        <line num="98" count="1" type="stmt"/>
        <line num="102" count="1" type="stmt"/>
        <line num="105" count="0" type="stmt"/>
        <line num="106" count="0" type="stmt"/>
        <line num="107" count="0" type="cond" truecount="0" falsecount="2"/>
        <line num="108" count="0" type="cond" truecount="0" falsecount="2"/>
        <line num="109" count="0" type="stmt"/>
        <line num="111" count="0" type="stmt"/>
        <line num="114" count="0" type="stmt"/>
        <line num="115" count="0" type="stmt"/>
        <line num="127" count="4" type="stmt"/>
        <line num="129" count="4" type="cond" truecount="2" falsecount="8"/>
        <line num="131" count="3" type="stmt"/>
        <line num="132" count="3" type="cond" truecount="2" falsecount="0"/>
        <line num="133" count="2" type="stmt"/>
        <line num="134" count="2" type="stmt"/>
        <line num="137" count="0" type="stmt"/>
        <line num="138" count="0" type="cond" truecount="0" falsecount="2"/>
        <line num="139" count="0" type="stmt"/>
        <line num="140" count="0" type="stmt"/>
        <line num="143" count="0" type="stmt"/>
        <line num="144" count="0" type="cond" truecount="0" falsecount="2"/>
        <line num="145" count="0" type="stmt"/>
        <line num="146" count="0" type="stmt"/>
        <line num="149" count="0" type="stmt"/>
        <line num="150" count="0" type="cond" truecount="0" falsecount="2"/>
        <line num="151" count="0" type="stmt"/>
        <line num="152" count="0" type="stmt"/>
        <line num="155" count="0" type="stmt"/>
        <line num="156" count="0" type="cond" truecount="0" falsecount="2"/>
        <line num="157" count="0" type="stmt"/>
        <line num="158" count="0" type="stmt"/>
        <line num="161" count="0" type="stmt"/>
        <line num="162" count="0" type="cond" truecount="0" falsecount="2"/>
        <line num="163" count="0" type="stmt"/>
        <line num="164" count="0" type="stmt"/>
        <line num="167" count="1" type="stmt"/>
        <line num="168" count="1" type="cond" truecount="1" falsecount="1"/>
        <line num="169" count="1" type="stmt"/>
        <line num="170" count="1" type="stmt"/>
        <line num="173" count="0" type="stmt"/>
        <line num="174" count="0" type="cond" truecount="0" falsecount="2"/>
        <line num="175" count="0" type="stmt"/>
        <line num="176" count="0" type="stmt"/>
        <line num="179" count="0" type="stmt"/>
        <line num="180" count="0" type="stmt"/>
        <line num="182" count="0" type="stmt"/>
        <line num="186" count="0" type="stmt"/>
        <line num="196" count="1" type="stmt"/>
        <line num="198" count="1" type="cond" truecount="1" falsecount="1"/>
        <line num="200" count="1" type="stmt"/>
        <line num="201" count="1" type="stmt"/>
        <line num="202" count="1" type="stmt"/>
        <line num="203" count="1" type="cond" truecount="1" falsecount="1"/>
        <line num="205" count="1" type="stmt"/>
        <line num="206" count="1" type="stmt"/>
        <line num="208" count="1" type="stmt"/>
        <line num="209" count="1" type="stmt"/>
        <line num="210" count="1" type="cond" truecount="1" falsecount="1"/>
        <line num="213" count="1" type="cond" truecount="1" falsecount="1"/>
        <line num="217" count="0" type="stmt"/>
        <line num="218" count="0" type="stmt"/>
        <line num="219" count="0" type="stmt"/>
        <line num="220" count="0" type="stmt"/>
        <line num="221" count="0" type="stmt"/>
        <line num="222" count="0" type="stmt"/>
      </file>
      <file name="schema.ts" path="/media/naranyala/Data/projects-remote/exba-wasm-web-starter/src/core/dom/schema.ts">
        <metrics statements="5" coveredstatements="4" conditionals="0" coveredconditionals="0" methods="2" coveredmethods="0"/>
        <line num="4" count="9" type="stmt"/>
        <line num="18" count="0" type="stmt"/>
        <line num="32" count="9" type="stmt"/>
        <line num="72" count="9" type="stmt"/>
        <line num="125" count="9" type="stmt"/>
      </file>
    </package>
    <package name="core.lifecycle">
      <metrics statements="242" coveredstatements="154" conditionals="125" coveredconditionals="54" methods="77" coveredmethods="61"/>
      <file name="component.ts" path="/media/naranyala/Data/projects-remote/exba-wasm-web-starter/src/core/lifecycle/component.ts">
        <metrics statements="104" coveredstatements="82" conditionals="67" coveredconditionals="33" methods="36" coveredmethods="28"/>
        <line num="52" count="46" type="stmt"/>
        <line num="54" count="46" type="stmt"/>
        <line num="56" count="46" type="stmt"/>
        <line num="63" count="7" type="stmt"/>
        <line num="70" count="7" type="stmt"/>
        <line num="76" count="7" type="stmt"/>
        <line num="79" count="46" type="stmt"/>
        <line num="80" count="46" type="cond" truecount="2" falsecount="0"/>
        <line num="81" count="44" type="stmt"/>
        <line num="85" count="46" type="cond" truecount="1" falsecount="1"/>
        <line num="86" count="46" type="stmt"/>
        <line num="87" count="59" type="cond" truecount="2" falsecount="0"/>
        <line num="88" count="41" type="stmt"/>
        <line num="90" count="32" type="stmt"/>
        <line num="93" count="23" type="stmt"/>
        <line num="107" count="17" type="cond" truecount="1" falsecount="1"/>
        <line num="119" count="11" type="cond" truecount="1" falsecount="1"/>
        <line num="121" count="11" type="cond" truecount="1" falsecount="1"/>
        <line num="123" count="18" type="cond" truecount="1" falsecount="1"/>
        <line num="125" count="11" type="stmt"/>
        <line num="126" count="11" type="stmt"/>
        <line num="128" count="11" type="cond" truecount="1" falsecount="1"/>
        <line num="129" count="11" type="cond" truecount="1" falsecount="5"/>
        <line num="131" count="4" type="stmt"/>
        <line num="132" count="4" type="stmt"/>
        <line num="134" count="0" type="cond" truecount="0" falsecount="2"/>
        <line num="135" count="0" type="stmt"/>
        <line num="138" count="0" type="stmt"/>
        <line num="139" count="0" type="stmt"/>
        <line num="144" count="0" type="stmt"/>
        <line num="146" count="0" type="stmt"/>
        <line num="149" count="0" type="stmt"/>
        <line num="150" count="0" type="stmt"/>
        <line num="154" count="11" type="stmt"/>
        <line num="185" count="50" type="stmt"/>
        <line num="186" count="50" type="stmt"/>
        <line num="193" count="37" type="stmt"/>
        <line num="194" count="37" type="stmt"/>
        <line num="201" count="37" type="cond" truecount="1" falsecount="1"/>
        <line num="202" count="37" type="stmt"/>
        <line num="203" count="37" type="stmt"/>
        <line num="205" count="37" type="stmt"/>
        <line num="206" count="37" type="stmt"/>
        <line num="215" count="57" type="stmt"/>
        <line num="216" count="57" type="stmt"/>
        <line num="217" count="68" type="cond" truecount="2" falsecount="0"/>
        <line num="218" count="62" type="stmt"/>
        <line num="219" count="62" type="stmt"/>
        <line num="223" count="57" type="cond" truecount="2" falsecount="0"/>
        <line num="225" count="55" type="stmt"/>
        <line num="226" count="55" type="stmt"/>
        <line num="236" count="4" type="stmt"/>
        <line num="237" count="2" type="stmt"/>
        <line num="239" count="4" type="stmt"/>
        <line num="240" count="4" type="stmt"/>
        <line num="249" count="2" type="stmt"/>
        <line num="264" count="0" type="cond" truecount="0" falsecount="2"/>
        <line num="273" count="0" type="cond" truecount="0" falsecount="2"/>
        <line num="278" count="0" type="cond" truecount="0" falsecount="2"/>
        <line num="282" count="50" type="cond" truecount="1" falsecount="1"/>
        <line num="284" count="50" type="cond" truecount="2" falsecount="0"/>
        <line num="285" count="50" type="cond" truecount="1" falsecount="1"/>
        <line num="287" count="50" type="stmt"/>
        <line num="288" count="91" type="stmt"/>
        <line num="289" count="91" type="stmt"/>
        <line num="290" count="91" type="stmt"/>
        <line num="293" count="91" type="stmt"/>
        <line num="294" count="91" type="stmt"/>
        <line num="295" count="91" type="cond" truecount="1" falsecount="1"/>
        <line num="296" count="0" type="stmt"/>
        <line num="297" count="91" type="cond" truecount="1" falsecount="1"/>
        <line num="298" count="91" type="stmt"/>
        <line num="299" count="535" type="stmt"/>
        <line num="302" count="91" type="cond" truecount="2" falsecount="0"/>
        <line num="305" count="91" type="cond" truecount="2" falsecount="0"/>
        <line num="306" count="53" type="stmt"/>
        <line num="308" count="38" type="stmt"/>
        <line num="309" count="38" type="stmt"/>
        <line num="310" count="38" type="stmt"/>
        <line num="313" count="91" type="stmt"/>
        <line num="314" count="91" type="stmt"/>
        <line num="315" count="0" type="stmt"/>
        <line num="319" count="0" type="stmt"/>
        <line num="327" count="0" type="stmt"/>
        <line num="331" count="0" type="stmt"/>
        <line num="349" count="1" type="stmt"/>
        <line num="350" count="1" type="stmt"/>
        <line num="352" count="1" type="stmt"/>
        <line num="361" count="0" type="stmt"/>
        <line num="373" count="22" type="stmt"/>
        <line num="381" count="0" type="stmt"/>
        <line num="390" count="0" type="stmt"/>
        <line num="391" count="0" type="stmt"/>
        <line num="392" count="0" type="stmt"/>
        <line num="406" count="1" type="cond" truecount="2" falsecount="0"/>
        <line num="407" count="1" type="cond" truecount="2" falsecount="0"/>
        <line num="408" count="1" type="cond" truecount="2" falsecount="0"/>
        <line num="411" count="2" type="stmt"/>
        <line num="415" count="1" type="stmt"/>
        <line num="419" count="1" type="stmt"/>
        <line num="423" count="0" type="stmt"/>
        <line num="427" count="1" type="cond" truecount="1" falsecount="1"/>
        <line num="428" count="1" type="stmt"/>
        <line num="431" count="1" type="stmt"/>
      </file>
      <file name="exba.ts" path="/media/naranyala/Data/projects-remote/exba-wasm-web-starter/src/core/lifecycle/exba.ts">
        <metrics statements="108" coveredstatements="63" conditionals="38" coveredconditionals="17" methods="34" coveredmethods="27"/>
        <line num="16" count="9" type="stmt"/>
        <line num="18" count="9" type="stmt"/>
        <line num="20" count="9" type="stmt"/>
        <line num="22" count="9" type="stmt"/>
        <line num="24" count="9" type="stmt"/>
        <line num="26" count="9" type="stmt"/>
        <line num="28" count="9" type="stmt"/>
        <line num="36" count="18" type="cond" truecount="2" falsecount="0"/>
        <line num="37" count="2" type="stmt"/>
        <line num="46" count="47" type="cond" truecount="2" falsecount="0"/>
        <line num="47" count="34" type="stmt"/>
        <line num="49" count="47" type="stmt"/>
        <line num="60" count="8" type="stmt"/>
        <line num="61" count="8" type="stmt"/>
        <line num="71" count="10" type="stmt"/>
        <line num="72" count="10" type="stmt"/>
        <line num="80" count="1" type="stmt"/>
        <line num="89" count="0" type="stmt"/>
        <line num="90" count="0" type="stmt"/>
        <line num="91" count="0" type="stmt"/>
        <line num="104" count="1" type="cond" truecount="1" falsecount="1"/>
        <line num="105" count="1" type="stmt"/>
        <line num="107" count="1" type="stmt"/>
        <line num="108" count="1" type="stmt"/>
        <line num="117" count="2" type="stmt"/>
        <line num="118" count="1" type="stmt"/>
        <line num="126" count="9" type="stmt"/>
        <line num="127" count="9" type="stmt"/>
        <line num="133" count="0" type="stmt"/>
        <line num="135" count="0" type="stmt"/>
        <line num="136" count="0" type="cond" truecount="0" falsecount="2"/>
        <line num="137" count="0" type="stmt"/>
        <line num="140" count="0" type="stmt"/>
        <line num="141" count="0" type="stmt"/>
        <line num="146" count="0" type="cond" truecount="0" falsecount="2"/>
        <line num="148" count="0" type="stmt"/>
        <line num="149" count="0" type="stmt"/>
        <line num="150" count="0" type="stmt"/>
        <line num="158" count="0" type="cond" truecount="0" falsecount="2"/>
        <line num="160" count="0" type="stmt"/>
        <line num="161" count="0" type="stmt"/>
        <line num="163" count="0" type="cond" truecount="0" falsecount="2"/>
        <line num="164" count="0" type="stmt"/>
        <line num="165" count="0" type="cond" truecount="0" falsecount="2"/>
        <line num="166" count="0" type="cond" truecount="0" falsecount="2"/>
        <line num="167" count="0" type="stmt"/>
        <line num="176" count="1" type="stmt"/>
        <line num="177" count="1" type="stmt"/>
        <line num="178" count="1" type="stmt"/>
        <line num="179" count="1" type="stmt"/>
        <line num="182" count="1" type="stmt"/>
        <line num="183" count="1" type="stmt"/>
        <line num="185" count="1" type="stmt"/>
        <line num="187" count="0" type="stmt"/>
        <line num="188" count="0" type="stmt"/>
        <line num="197" count="1" type="stmt"/>
        <line num="198" count="1" type="stmt"/>
        <line num="206" count="0" type="cond" truecount="0" falsecount="2"/>
        <line num="207" count="0" type="stmt"/>
        <line num="209" count="0" type="stmt"/>
        <line num="217" count="1" type="stmt"/>
        <line num="221" count="0" type="stmt"/>
        <line num="222" count="0" type="stmt"/>
        <line num="223" count="0" type="stmt"/>
        <line num="224" count="0" type="stmt"/>
        <line num="225" count="0" type="stmt"/>
        <line num="227" count="0" type="stmt"/>
        <line num="228" count="0" type="stmt"/>
        <line num="243" count="11" type="cond" truecount="1" falsecount="1"/>
        <line num="246" count="11" type="stmt"/>
        <line num="247" count="11" type="cond" truecount="2" falsecount="0"/>
        <line num="248" count="11" type="cond" truecount="2" falsecount="0"/>
        <line num="249" count="1" type="stmt"/>
        <line num="250" count="11" type="cond" truecount="1" falsecount="1"/>
        <line num="251" count="0" type="stmt"/>
        <line num="253" count="11" type="cond" truecount="2" falsecount="0"/>
        <line num="254" count="1" type="stmt"/>
        <line num="261" count="11" type="stmt"/>
        <line num="267" count="9" type="stmt"/>
        <line num="273" count="0" type="stmt"/>
        <line num="281" count="1" type="cond" truecount="1" falsecount="1"/>
        <line num="282" count="0" type="stmt"/>
        <line num="285" count="1" type="stmt"/>
        <line num="286" count="1" type="cond" truecount="1" falsecount="1"/>
        <line num="287" count="0" type="stmt"/>
        <line num="290" count="0" type="stmt"/>
        <line num="294" count="1" type="stmt"/>
        <line num="295" count="1" type="stmt"/>
        <line num="296" count="1" type="stmt"/>
        <line num="297" count="1" type="stmt"/>
        <line num="300" count="1" type="stmt"/>
        <line num="308" count="0" type="stmt"/>
        <line num="320" count="27" type="cond" truecount="2" falsecount="0"/>
        <line num="321" count="27" type="stmt"/>
        <line num="323" count="27" type="stmt"/>
        <line num="333" count="1" type="stmt"/>
        <line num="334" count="1" type="stmt"/>
        <line num="335" count="1" type="stmt"/>
        <line num="337" count="1" type="stmt"/>
        <line num="338" count="2" type="stmt"/>
        <line num="339" count="2" type="stmt"/>
        <line num="344" count="1" type="stmt"/>
        <line num="351" count="0" type="stmt"/>
        <line num="353" count="0" type="stmt"/>
        <line num="354" count="0" type="cond" truecount="0" falsecount="2"/>
        <line num="355" count="0" type="stmt"/>
        <line num="358" count="0" type="stmt"/>
        <line num="359" count="0" type="stmt"/>
      </file>
      <file name="resilience.ts" path="/media/naranyala/Data/projects-remote/exba-wasm-web-starter/src/core/lifecycle/resilience.ts">
        <metrics statements="30" coveredstatements="9" conditionals="20" coveredconditionals="4" methods="7" coveredmethods="6"/>
        <line num="25" count="9" type="stmt"/>
        <line num="26" count="9" type="stmt"/>
        <line num="27" count="9" type="stmt"/>
        <line num="28" count="9" type="stmt"/>
        <line num="34" count="9" type="stmt"/>
        <line num="40" count="0" type="stmt"/>
        <line num="48" count="91" type="cond" truecount="1" falsecount="1"/>
        <line num="49" count="91" type="cond" truecount="1" falsecount="1"/>
        <line num="50" count="0" type="cond" truecount="0" falsecount="4"/>
        <line num="61" count="0" type="stmt"/>
        <line num="62" count="0" type="cond" truecount="0" falsecount="2"/>
        <line num="63" count="0" type="stmt"/>
        <line num="64" count="0" type="stmt"/>
        <line num="74" count="0" type="stmt"/>
        <line num="75" count="0" type="stmt"/>
        <line num="80" count="0" type="cond" truecount="0" falsecount="2"/>
        <line num="84" count="0" type="stmt"/>
        <line num="85" count="0" type="stmt"/>
        <line num="89" count="0" type="stmt"/>
        <line num="97" count="0" type="cond" truecount="0" falsecount="2"/>
        <line num="99" count="0" type="stmt"/>
        <line num="100" count="0" type="stmt"/>
        <line num="101" count="0" type="stmt"/>
        <line num="103" count="0" type="stmt"/>
        <line num="105" count="0" type="stmt"/>
        <line num="107" count="0" type="stmt"/>
        <line num="108" count="0" type="stmt"/>
        <line num="109" count="0" type="stmt"/>
        <line num="119" count="99" type="cond" truecount="1" falsecount="1"/>
        <line num="120" count="99" type="cond" truecount="1" falsecount="1"/>
      </file>
    </package>
    <package name="core.reactivity">
      <metrics statements="322" coveredstatements="263" conditionals="140" coveredconditionals="95" methods="79" coveredmethods="64"/>
      <file name="context.ts" path="/media/naranyala/Data/projects-remote/exba-wasm-web-starter/src/core/reactivity/context.ts">
        <metrics statements="21" coveredstatements="4" conditionals="14" coveredconditionals="0" methods="4" coveredmethods="0"/>
        <line num="18" count="7" type="stmt"/>
        <line num="32" count="0" type="cond" truecount="0" falsecount="2"/>
        <line num="33" count="0" type="stmt"/>
        <line num="35" count="0" type="stmt"/>
        <line num="52" count="0" type="stmt"/>
        <line num="53" count="0" type="stmt"/>
        <line num="54" count="0" type="stmt"/>
        <line num="55" count="0" type="cond" truecount="0" falsecount="4"/>
        <line num="56" count="0" type="stmt"/>
        <line num="58" count="0" type="cond" truecount="0" falsecount="2"/>
        <line num="60" count="0" type="stmt"/>
        <line num="70" count="7" type="stmt"/>
        <line num="76" count="0" type="stmt"/>
        <line num="77" count="0" type="stmt"/>
        <line num="81" count="0" type="cond" truecount="0" falsecount="2"/>
        <line num="82" count="0" type="cond" truecount="0" falsecount="2"/>
        <line num="83" count="0" type="stmt"/>
        <line num="86" count="0" type="cond" truecount="0" falsecount="2"/>
        <line num="87" count="0" type="stmt"/>
        <line num="92" count="7" type="stmt"/>
        <line num="95" count="7" type="stmt"/>
      </file>
      <file name="index.ts" path="/media/naranyala/Data/projects-remote/exba-wasm-web-starter/src/core/reactivity/index.ts">
        <metrics statements="0" coveredstatements="0" conditionals="0" coveredconditionals="0" methods="0" coveredmethods="0"/>
      </file>
      <file name="primitives.ts" path="/media/naranyala/Data/projects-remote/exba-wasm-web-starter/src/core/reactivity/primitives.ts">
        <metrics statements="169" coveredstatements="160" conditionals="52" coveredconditionals="45" methods="54" coveredmethods="47"/>
        <line num="7" count="9" type="stmt"/>
        <line num="8" count="9" type="stmt"/>
        <line num="34" count="103" type="stmt"/>
        <line num="35" count="103" type="stmt"/>
        <line num="36" count="80" type="cond" truecount="2" falsecount="0"/>
        <line num="37" count="57" type="stmt"/>
        <line num="39" count="23" type="stmt"/>
        <line num="46" count="9" type="stmt"/>
        <line num="47" count="9" type="stmt"/>
        <line num="48" count="9" type="stmt"/>
        <line num="49" count="9" type="stmt"/>
        <line num="52" count="57" type="stmt"/>
        <line num="53" count="57" type="cond" truecount="2" falsecount="0"/>
        <line num="54" count="31" type="stmt"/>
        <line num="55" count="31" type="stmt"/>
        <line num="56" count="31" type="stmt"/>
        <line num="57" count="31" type="stmt"/>
        <line num="63" count="103" type="stmt"/>
        <line num="64" count="103" type="stmt"/>
        <line num="65" count="103" type="stmt"/>
        <line num="69" count="4" type="stmt"/>
        <line num="70" count="4" type="stmt"/>
        <line num="71" count="4" type="stmt"/>
        <line num="73" count="4" type="stmt"/>
        <line num="74" count="4" type="cond" truecount="1" falsecount="1"/>
        <line num="75" count="4" type="stmt"/>
        <line num="76" count="4" type="stmt"/>
        <line num="77" count="4" type="stmt"/>
        <line num="78" count="5" type="cond" truecount="1" falsecount="1"/>
        <line num="79" count="0" type="stmt"/>
        <line num="81" count="5" type="stmt"/>
        <line num="104" count="58" type="stmt"/>
        <line num="105" count="58" type="stmt"/>
        <line num="106" count="76" type="stmt"/>
        <line num="107" count="56" type="stmt"/>
        <line num="109" count="58" type="stmt"/>
        <line num="111" count="58" type="stmt"/>
        <line num="112" count="162" type="cond" truecount="2" falsecount="0"/>
        <line num="113" count="132" type="stmt"/>
        <line num="115" count="162" type="cond" truecount="2" falsecount="0"/>
        <line num="116" count="19" type="stmt"/>
        <line num="118" count="162" type="stmt"/>
        <line num="121" count="58" type="stmt"/>
        <line num="123" count="52" type="cond" truecount="2" falsecount="0"/>
        <line num="124" count="52" type="cond" truecount="2" falsecount="0"/>
        <line num="125" count="50" type="stmt"/>
        <line num="126" count="50" type="cond" truecount="2" falsecount="0"/>
        <line num="127" count="10" type="stmt"/>
        <line num="128" count="10" type="stmt"/>
        <line num="129" count="10" type="stmt"/>
        <line num="132" count="40" type="stmt"/>
        <line num="136" count="58" type="stmt"/>
        <line num="138" count="58" type="stmt"/>
        <line num="143" count="58" type="stmt"/>
        <line num="144" count="58" type="stmt"/>
        <line num="145" count="22" type="stmt"/>
        <line num="146" count="22" type="stmt"/>
        <line num="149" count="58" type="stmt"/>
        <line num="164" count="4" type="stmt"/>
        <line num="165" count="4" type="stmt"/>
        <line num="166" count="4" type="stmt"/>
        <line num="167" count="2" type="stmt"/>
        <line num="168" count="1" type="stmt"/>
        <line num="171" count="4" type="stmt"/>
        <line num="172" count="4" type="stmt"/>
        <line num="175" count="4" type="cond" truecount="3" falsecount="1"/>
        <line num="176" count="4" type="stmt"/>
        <line num="177" count="4" type="stmt"/>
        <line num="181" count="8" type="stmt"/>
        <line num="182" count="8" type="stmt"/>
        <line num="184" count="8" type="stmt"/>
        <line num="185" count="8" type="stmt"/>
        <line num="186" count="8" type="stmt"/>
        <line num="194" count="8" type="stmt"/>
        <line num="196" count="8" type="stmt"/>
        <line num="198" count="8" type="stmt"/>
        <line num="199" count="8" type="stmt"/>
        <line num="201" count="10" type="stmt"/>
        <line num="202" count="8" type="stmt"/>
        <line num="205" count="4" type="stmt"/>
        <line num="207" count="9" type="cond" truecount="4" falsecount="0"/>
        <line num="208" count="4" type="stmt"/>
        <line num="210" count="9" type="cond" truecount="1" falsecount="1"/>
        <line num="211" count="0" type="stmt"/>
        <line num="213" count="9" type="cond" truecount="2" falsecount="0"/>
        <line num="214" count="2" type="stmt"/>
        <line num="216" count="9" type="stmt"/>
        <line num="218" count="0" type="stmt"/>
        <line num="220" count="0" type="stmt"/>
        <line num="221" count="0" type="stmt"/>
        <line num="226" count="4" type="stmt"/>
        <line num="228" count="4" type="stmt"/>
        <line num="234" count="3" type="stmt"/>
        <line num="235" count="3" type="stmt"/>
        <line num="236" count="3" type="stmt"/>
        <line num="237" count="2" type="stmt"/>
        <line num="238" count="1" type="stmt"/>
        <line num="241" count="3" type="stmt"/>
        <line num="242" count="3" type="stmt"/>
        <line num="245" count="8" type="stmt"/>
        <line num="246" count="8" type="stmt"/>
        <line num="248" count="8" type="stmt"/>
        <line num="249" count="8" type="stmt"/>
        <line num="250" count="8" type="stmt"/>
        <line num="258" count="8" type="stmt"/>
        <line num="260" count="8" type="stmt"/>
        <line num="262" count="8" type="stmt"/>
        <line num="263" count="8" type="stmt"/>
        <line num="265" count="11" type="stmt"/>
        <line num="266" count="8" type="stmt"/>
        <line num="270" count="5" type="cond" truecount="3" falsecount="1"/>
        <line num="271" count="5" type="cond" truecount="2" falsecount="0"/>
        <line num="272" count="2" type="stmt"/>
        <line num="273" count="2" type="stmt"/>
        <line num="274" count="2" type="cond" truecount="2" falsecount="0"/>
        <line num="275" count="1" type="stmt"/>
        <line num="278" count="3" type="stmt"/>
        <line num="282" count="3" type="stmt"/>
        <line num="284" count="7" type="cond" truecount="4" falsecount="0"/>
        <line num="285" count="3" type="stmt"/>
        <line num="287" count="7" type="cond" truecount="2" falsecount="0"/>
        <line num="288" count="2" type="stmt"/>
        <line num="290" count="7" type="cond" truecount="1" falsecount="1"/>
        <line num="291" count="0" type="stmt"/>
        <line num="293" count="7" type="stmt"/>
        <line num="295" count="0" type="stmt"/>
        <line num="297" count="0" type="stmt"/>
        <line num="298" count="0" type="stmt"/>
        <line num="303" count="3" type="stmt"/>
        <line num="305" count="3" type="stmt"/>
        <line num="313" count="58" type="stmt"/>
        <line num="320" count="58" type="stmt"/>
        <line num="321" count="108" type="cond" truecount="1" falsecount="1"/>
        <line num="323" count="108" type="stmt"/>
        <line num="324" count="108" type="stmt"/>
        <line num="326" count="108" type="stmt"/>
        <line num="327" count="108" type="stmt"/>
        <line num="329" count="108" type="stmt"/>
        <line num="330" count="108" type="stmt"/>
        <line num="331" count="108" type="stmt"/>
        <line num="332" count="108" type="stmt"/>
        <line num="334" count="108" type="stmt"/>
        <line num="335" count="3" type="stmt"/>
        <line num="338" count="108" type="stmt"/>
        <line num="339" count="108" type="stmt"/>
        <line num="341" count="240" type="stmt"/>
        <line num="344" count="58" type="stmt"/>
        <line num="346" count="58" type="stmt"/>
        <line num="348" count="58" type="stmt"/>
        <line num="349" count="38" type="stmt"/>
        <line num="350" count="38" type="stmt"/>
        <line num="351" count="38" type="stmt"/>
        <line num="352" count="106" type="stmt"/>
        <line num="353" count="38" type="stmt"/>
        <line num="360" count="92" type="stmt"/>
        <line num="361" count="92" type="stmt"/>
        <line num="362" count="92" type="stmt"/>
        <line num="363" count="92" type="stmt"/>
        <line num="364" count="92" type="stmt"/>
        <line num="365" count="92" type="stmt"/>
        <line num="367" count="92" type="stmt"/>
        <line num="368" count="92" type="stmt"/>
        <line num="378" count="2" type="cond" truecount="4" falsecount="0"/>
        <line num="379" count="1" type="stmt"/>
        <line num="380" count="2" type="stmt"/>
        <line num="381" count="4" type="stmt"/>
        <line num="384" count="2" type="stmt"/>
        <line num="386" count="1" type="stmt"/>
        <line num="389" count="9" type="stmt"/>
      </file>
      <file name="proxy.ts" path="/media/naranyala/Data/projects-remote/exba-wasm-web-starter/src/core/reactivity/proxy.ts">
        <metrics statements="132" coveredstatements="99" conditionals="74" coveredconditionals="50" methods="21" coveredmethods="17"/>
        <line num="12" count="48" type="stmt"/>
        <line num="13" count="48" type="stmt"/>
        <line num="14" count="48" type="stmt"/>
        <line num="16" count="48" type="stmt"/>
        <line num="17" count="160" type="stmt"/>
        <line num="18" count="160" type="cond" truecount="2" falsecount="0"/>
        <line num="19" count="54" type="stmt"/>
        <line num="20" count="54" type="stmt"/>
        <line num="22" count="160" type="cond" truecount="2" falsecount="0"/>
        <line num="23" count="106" type="stmt"/>
        <line num="25" count="160" type="stmt"/>
        <line num="28" count="48" type="stmt"/>
        <line num="29" count="274" type="stmt"/>
        <line num="30" count="274" type="cond" truecount="2" falsecount="0"/>
        <line num="31" count="54" type="stmt"/>
        <line num="32" count="54" type="stmt"/>
        <line num="35" count="274" type="stmt"/>
        <line num="36" count="274" type="cond" truecount="2" falsecount="0"/>
        <line num="37" count="106" type="stmt"/>
        <line num="38" count="106" type="stmt"/>
        <line num="39" count="181" type="stmt"/>
        <line num="40" count="154" type="stmt"/>
        <line num="42" count="106" type="stmt"/>
        <line num="44" count="274" type="stmt"/>
        <line num="47" count="48" type="stmt"/>
        <line num="48" count="322" type="cond" truecount="4" falsecount="0"/>
        <line num="49" count="82" type="cond" truecount="2" falsecount="0"/>
        <line num="51" count="62" type="stmt"/>
        <line num="53" count="274" type="stmt"/>
        <line num="55" count="274" type="cond" truecount="1" falsecount="1"/>
        <line num="56" count="274" type="stmt"/>
        <line num="57" count="274" type="cond" truecount="2" falsecount="0"/>
        <line num="58" count="274" type="cond" truecount="1" falsecount="1"/>
        <line num="61" count="274" type="stmt"/>
        <line num="64" count="64" type="stmt"/>
        <line num="65" count="64" type="cond" truecount="2" falsecount="0"/>
        <line num="66" count="54" type="stmt"/>
        <line num="68" count="54" type="cond" truecount="1" falsecount="1"/>
        <line num="69" count="54" type="stmt"/>
        <line num="70" count="54" type="stmt"/>
        <line num="71" count="54" type="stmt"/>
        <line num="73" count="54" type="stmt"/>
        <line num="77" count="62" type="stmt"/>
        <line num="78" count="62" type="stmt"/>
        <line num="79" count="62" type="stmt"/>
        <line num="82" count="48" type="stmt"/>
        <line num="110" count="4" type="stmt"/>
        <line num="111" count="4" type="stmt"/>
        <line num="124" count="4" type="cond" truecount="1" falsecount="1"/>
        <line num="128" count="0" type="stmt"/>
        <line num="129" count="0" type="stmt"/>
        <line num="131" count="4" type="stmt"/>
        <line num="132" count="4" type="stmt"/>
        <line num="135" count="4" type="stmt"/>
        <line num="136" count="4" type="cond" truecount="1" falsecount="1"/>
        <line num="137" count="4" type="stmt"/>
        <line num="142" count="9" type="stmt"/>
        <line num="143" count="9" type="cond" truecount="2" falsecount="0"/>
        <line num="144" count="6" type="stmt"/>
        <line num="145" count="6" type="stmt"/>
        <line num="147" count="9" type="cond" truecount="2" falsecount="0"/>
        <line num="148" count="6" type="stmt"/>
        <line num="150" count="9" type="stmt"/>
        <line num="153" count="4" type="stmt"/>
        <line num="156" count="7" type="stmt"/>
        <line num="157" count="7" type="cond" truecount="2" falsecount="0"/>
        <line num="158" count="5" type="stmt"/>
        <line num="159" count="5" type="stmt"/>
        <line num="162" count="7" type="stmt"/>
        <line num="163" count="7" type="cond" truecount="2" falsecount="0"/>
        <line num="164" count="5" type="stmt"/>
        <line num="165" count="5" type="stmt"/>
        <line num="166" count="0" type="stmt"/>
        <line num="167" count="0" type="stmt"/>
        <line num="169" count="5" type="stmt"/>
        <line num="171" count="7" type="stmt"/>
        <line num="175" count="11" type="cond" truecount="4" falsecount="0"/>
        <line num="176" count="8" type="cond" truecount="2" falsecount="0"/>
        <line num="178" count="6" type="stmt"/>
        <line num="180" count="7" type="stmt"/>
        <line num="182" count="7" type="cond" truecount="1" falsecount="1"/>
        <line num="183" count="7" type="stmt"/>
        <line num="184" count="7" type="cond" truecount="1" falsecount="1"/>
        <line num="185" count="0" type="stmt"/>
        <line num="186" count="0" type="stmt"/>
        <line num="188" count="7" type="cond" truecount="1" falsecount="1"/>
        <line num="189" count="0" type="stmt"/>
        <line num="190" count="0" type="stmt"/>
        <line num="194" count="7" type="stmt"/>
        <line num="197" count="4" type="stmt"/>
        <line num="198" count="4" type="cond" truecount="1" falsecount="1"/>
        <line num="199" count="4" type="stmt"/>
        <line num="201" count="4" type="cond" truecount="1" falsecount="1"/>
        <line num="202" count="4" type="stmt"/>
        <line num="203" count="4" type="stmt"/>
        <line num="204" count="4" type="stmt"/>
        <line num="205" count="4" type="stmt"/>
        <line num="207" count="4" type="stmt"/>
        <line num="211" count="6" type="stmt"/>
        <line num="212" count="6" type="stmt"/>
        <line num="213" count="6" type="stmt"/>
        <line num="225" count="4" type="cond" truecount="1" falsecount="1"/>
        <line num="226" count="0" type="stmt"/>
        <line num="227" count="0" type="stmt"/>
        <line num="229" count="0" type="cond" truecount="0" falsecount="2"/>
        <line num="231" count="0" type="cond" truecount="0" falsecount="2"/>
        <line num="232" count="0" type="stmt"/>
        <line num="234" count="0" type="stmt"/>
        <line num="236" count="0" type="stmt"/>
        <line num="241" count="4" type="stmt"/>
        <line num="242" count="4" type="stmt"/>
        <line num="245" count="4" type="stmt"/>
        <line num="252" count="4" type="cond" truecount="1" falsecount="1"/>
        <line num="253" count="0" type="stmt"/>
        <line num="254" count="0" type="stmt"/>
        <line num="255" count="0" type="cond" truecount="0" falsecount="2"/>
        <line num="256" count="0" type="stmt"/>
        <line num="258" count="0" type="stmt"/>
        <line num="260" count="0" type="stmt"/>
        <line num="269" count="6" type="stmt"/>
        <line num="278" count="0" type="cond" truecount="0" falsecount="2"/>
        <line num="279" count="0" type="stmt"/>
        <line num="280" count="0" type="stmt"/>
        <line num="282" count="0" type="cond" truecount="0" falsecount="2"/>
        <line num="284" count="0" type="cond" truecount="0" falsecount="2"/>
        <line num="285" count="0" type="stmt"/>
        <line num="287" count="0" type="stmt"/>
        <line num="289" count="0" type="stmt"/>
        <line num="293" count="0" type="stmt"/>
        <line num="294" count="0" type="stmt"/>
        <line num="297" count="0" type="stmt"/>
        <line num="298" count="0" type="stmt"/>
      </file>
    </package>
    <package name="core.routing">
      <metrics statements="17" coveredstatements="13" conditionals="4" coveredconditionals="1" methods="4" coveredmethods="3"/>
      <file name="router.ts" path="/media/naranyala/Data/projects-remote/exba-wasm-web-starter/src/core/routing/router.ts">
        <metrics statements="17" coveredstatements="13" conditionals="4" coveredconditionals="1" methods="4" coveredmethods="3"/>
        <line num="21" count="2" type="stmt"/>
        <line num="22" count="2" type="stmt"/>
        <line num="30" count="2" type="stmt"/>
        <line num="38" count="3" type="stmt"/>
        <line num="47" count="2" type="stmt"/>
        <line num="48" count="2" type="stmt"/>
        <line num="50" count="2" type="cond" truecount="1" falsecount="1"/>
        <line num="51" count="0" type="stmt"/>
        <line num="52" count="0" type="stmt"/>
        <line num="56" count="2" type="stmt"/>
        <line num="57" count="2" type="stmt"/>
        <line num="60" count="2" type="stmt"/>
        <line num="61" count="2" type="stmt"/>
        <line num="62" count="0" type="stmt"/>
        <line num="68" count="2" type="stmt"/>
        <line num="71" count="2" type="stmt"/>
        <line num="79" count="0" type="stmt"/>
      </file>
    </package>
    <package name="core.wasm">
      <metrics statements="16" coveredstatements="4" conditionals="2" coveredconditionals="0" methods="8" coveredmethods="1"/>
      <file name="registry.ts" path="/media/naranyala/Data/projects-remote/exba-wasm-web-starter/src/core/wasm/registry.ts">
        <metrics statements="16" coveredstatements="4" conditionals="2" coveredconditionals="0" methods="8" coveredmethods="1"/>
        <line num="17" count="1" type="stmt"/>
        <line num="23" count="0" type="stmt"/>
        <line num="24" count="0" type="stmt"/>
        <line num="31" count="0" type="stmt"/>
        <line num="32" count="0" type="cond" truecount="0" falsecount="2"/>
        <line num="33" count="0" type="stmt"/>
        <line num="35" count="0" type="stmt"/>
        <line num="42" count="1" type="stmt"/>
        <line num="43" count="0" type="stmt"/>
        <line num="44" count="0" type="stmt"/>
        <line num="45" count="1" type="stmt"/>
        <line num="52" count="0" type="stmt"/>
        <line num="53" count="0" type="stmt"/>
        <line num="54" count="0" type="stmt"/>
        <line num="55" count="0" type="stmt"/>
        <line num="59" count="1" type="stmt"/>
      </file>
    </package>
    <package name="shell">
      <metrics statements="23" coveredstatements="3" conditionals="18" coveredconditionals="0" methods="5" coveredmethods="1"/>
      <file name="constants.ts" path="/media/naranyala/Data/projects-remote/exba-wasm-web-starter/src/shell/constants.ts">
        <metrics statements="3" coveredstatements="3" conditionals="0" coveredconditionals="0" methods="1" coveredmethods="1"/>
        <line num="4" count="1" type="stmt"/>
        <line num="239" count="3" type="stmt"/>
        <line num="245" count="1" type="stmt"/>
      </file>
      <file name="utils.ts" path="/media/naranyala/Data/projects-remote/exba-wasm-web-starter/src/shell/utils.ts">
        <metrics statements="20" coveredstatements="0" conditionals="18" coveredconditionals="0" methods="4" coveredmethods="0"/>
        <line num="10" count="0" type="stmt"/>
        <line num="11" count="0" type="cond" truecount="0" falsecount="2"/>
        <line num="12" count="0" type="stmt"/>
        <line num="16" count="0" type="stmt"/>
        <line num="31" count="0" type="stmt"/>
        <line num="32" count="0" type="stmt"/>
        <line num="33" count="0" type="stmt"/>
        <line num="34" count="0" type="cond" truecount="0" falsecount="2"/>
        <line num="35" count="0" type="stmt"/>
        <line num="36" count="0" type="stmt"/>
        <line num="37" count="0" type="cond" truecount="0" falsecount="2"/>
        <line num="38" count="0" type="cond" truecount="0" falsecount="2"/>
        <line num="39" count="0" type="stmt"/>
        <line num="41" count="0" type="stmt"/>
        <line num="51" count="0" type="stmt"/>
        <line num="52" count="0" type="stmt"/>
        <line num="53" count="0" type="cond" truecount="0" falsecount="4"/>
        <line num="54" count="0" type="stmt"/>
        <line num="55" count="0" type="cond" truecount="0" falsecount="2"/>
        <line num="56" count="0" type="cond" truecount="0" falsecount="2"/>
      </file>
    </package>
    <package name="shell.theme">
      <metrics statements="46" coveredstatements="46" conditionals="0" coveredconditionals="0" methods="0" coveredmethods="0"/>
      <file name="styles.ts" path="/media/naranyala/Data/projects-remote/exba-wasm-web-starter/src/shell/theme/styles.ts">
        <metrics statements="46" coveredstatements="46" conditionals="0" coveredconditionals="0" methods="0" coveredmethods="0"/>
        <line num="4" count="5" type="stmt"/>
        <line num="29" count="5" type="stmt"/>
        <line num="39" count="5" type="stmt"/>
        <line num="42" count="5" type="stmt"/>
        <line num="55" count="5" type="stmt"/>
        <line num="61" count="5" type="stmt"/>
        <line num="69" count="5" type="stmt"/>
        <line num="80" count="5" type="stmt"/>
        <line num="92" count="5" type="stmt"/>
        <line num="96" count="5" type="stmt"/>
        <line num="100" count="5" type="stmt"/>
        <line num="108" count="5" type="stmt"/>
        <line num="121" count="5" type="stmt"/>
        <line num="132" count="5" type="stmt"/>
        <line num="139" count="5" type="stmt"/>
        <line num="146" count="5" type="stmt"/>
        <line num="166" count="5" type="stmt"/>
        <line num="175" count="5" type="stmt"/>
        <line num="185" count="5" type="stmt"/>
        <line num="205" count="5" type="stmt"/>
        <line num="212" count="5" type="stmt"/>
        <line num="222" count="5" type="stmt"/>
        <line num="227" count="5" type="stmt"/>
        <line num="234" count="5" type="stmt"/>
        <line num="246" count="5" type="stmt"/>
        <line num="255" count="5" type="stmt"/>
        <line num="261" count="5" type="stmt"/>
        <line num="266" count="5" type="stmt"/>
        <line num="273" count="5" type="stmt"/>
        <line num="284" count="5" type="stmt"/>
        <line num="289" count="5" type="stmt"/>
        <line num="294" count="5" type="stmt"/>
        <line num="299" count="5" type="stmt"/>
        <line num="305" count="5" type="stmt"/>
        <line num="315" count="5" type="stmt"/>
        <line num="321" count="5" type="stmt"/>
        <line num="327" count="5" type="stmt"/>
        <line num="347" count="5" type="stmt"/>
        <line num="356" count="5" type="stmt"/>
        <line num="364" count="5" type="stmt"/>
        <line num="375" count="5" type="stmt"/>
        <line num="385" count="5" type="stmt"/>
        <line num="389" count="5" type="stmt"/>
        <line num="394" count="5" type="stmt"/>
        <line num="398" count="5" type="stmt"/>
        <line num="408" count="5" type="stmt"/>
      </file>
    </package>
  </project>
</coverage>
