{"/media/naranyala/Data/projects-remote/exba-wasm-web-starter/src/components/features/dashboard.ts": {"path":"/media/naranyala/Data/projects-remote/exba-wasm-web-starter/src/components/features/dashboard.ts","statementMap":{"0":{"start":{"line":12,"column":21},"end":{"line":12,"column":null}},"1":{"start":{"line":13,"column":17},"end":{"line":16,"column":null}},"2":{"start":{"line":18,"column":18},"end":{"line":23,"column":null}},"3":{"start":{"line":26,"column":17},"end":{"line":31,"column":null}},"4":{"start":{"line":32,"column":4},"end":{"line":66,"column":null}},"5":{"start":{"line":39,"column":25},"end":{"line":39,"column":null}},"6":{"start":{"line":40,"column":12},"end":{"line":40,"column":null}},"7":{"start":{"line":40,"column":31},"end":{"line":40,"column":null}},"8":{"start":{"line":47,"column":25},"end":{"line":47,"column":null}},"9":{"start":{"line":48,"column":12},"end":{"line":48,"column":null}},"10":{"start":{"line":48,"column":31},"end":{"line":48,"column":null}},"11":{"start":{"line":60,"column":24},"end":{"line":60,"column":null}},"12":{"start":{"line":61,"column":12},"end":{"line":61,"column":null}},"13":{"start":{"line":61,"column":31},"end":{"line":61,"column":null}},"14":{"start":{"line":66,"column":26},"end":{"line":66,"column":null}},"15":{"start":{"line":75,"column":0},"end":{"line":77,"column":null}},"16":{"start":{"line":76,"column":2},"end":{"line":76,"column":null}},"17":{"start":{"line":86,"column":21},"end":{"line":86,"column":null}},"18":{"start":{"line":88,"column":10},"end":{"line":103,"column":null}},"19":{"start":{"line":105,"column":11},"end":{"line":105,"column":null}},"20":{"start":{"line":106,"column":19},"end":{"line":108,"column":null}},"21":{"start":{"line":109,"column":16},"end":{"line":109,"column":null}},"22":{"start":{"line":112,"column":13},"end":{"line":112,"column":null}},"23":{"start":{"line":113,"column":16},"end":{"line":113,"column":null}},"24":{"start":{"line":114,"column":13},"end":{"line":114,"column":null}},"25":{"start":{"line":116,"column":17},"end":{"line":118,"column":null}},"26":{"start":{"line":120,"column":18},"end":{"line":130,"column":null}},"27":{"start":{"line":133,"column":20},"end":{"line":135,"column":null}},"28":{"start":{"line":134,"column":6},"end":{"line":134,"column":null}},"29":{"start":{"line":136,"column":4},"end":{"line":136,"column":null}},"30":{"start":{"line":140,"column":4},"end":{"line":140,"column":null}},"31":{"start":{"line":140,"column":57},"end":{"line":140,"column":71}},"32":{"start":{"line":144,"column":4},"end":{"line":144,"column":null}},"33":{"start":{"line":144,"column":37},"end":{"line":144,"column":null}},"34":{"start":{"line":145,"column":20},"end":{"line":150,"column":null}},"35":{"start":{"line":151,"column":4},"end":{"line":151,"column":null}},"36":{"start":{"line":152,"column":4},"end":{"line":152,"column":null}},"37":{"start":{"line":153,"column":4},"end":{"line":153,"column":null}},"38":{"start":{"line":157,"column":19},"end":{"line":162,"column":null}},"39":{"start":{"line":158,"column":6},"end":{"line":160,"column":null}},"40":{"start":{"line":159,"column":8},"end":{"line":159,"column":null}},"41":{"start":{"line":161,"column":6},"end":{"line":161,"column":null}},"42":{"start":{"line":164,"column":21},"end":{"line":172,"column":null}},"43":{"start":{"line":166,"column":8},"end":{"line":167,"column":null}},"44":{"start":{"line":168,"column":28},"end":{"line":170,"column":null}},"45":{"start":{"line":171,"column":6},"end":{"line":171,"column":null}},"46":{"start":{"line":174,"column":4},"end":{"line":303,"column":null}},"47":{"start":{"line":198,"column":16},"end":{"line":198,"column":null}},"48":{"start":{"line":205,"column":16},"end":{"line":205,"column":null}},"49":{"start":{"line":218,"column":16},"end":{"line":220,"column":null}},"50":{"start":{"line":224,"column":14},"end":{"line":224,"column":35}},"51":{"start":{"line":238,"column":18},"end":{"line":238,"column":null}},"52":{"start":{"line":249,"column":18},"end":{"line":250,"column":null}},"53":{"start":{"line":266,"column":18},"end":{"line":267,"column":null}},"54":{"start":{"line":287,"column":24},"end":{"line":295,"column":null}},"55":{"start":{"line":291,"column":46},"end":{"line":291,"column":null}},"56":{"start":{"line":292,"column":32},"end":{"line":292,"column":null}}},"fnMap":{"0":{"name":"render","decl":{"start":{"line":25,"column":2},"end":{"line":25,"column":11}},"loc":{"start":{"line":25,"column":11},"end":{"line":72,"column":null}},"line":25},"1":{"name":"(anonymous_1)","decl":{"start":{"line":38,"column":21},"end":{"line":38,"column":34}},"loc":{"start":{"line":38,"column":34},"end":{"line":41,"column":null}},"line":38},"2":{"name":"(anonymous_2)","decl":{"start":{"line":46,"column":22},"end":{"line":46,"column":35}},"loc":{"start":{"line":46,"column":35},"end":{"line":49,"column":null}},"line":46},"3":{"name":"(anonymous_3)","decl":{"start":{"line":59,"column":21},"end":{"line":59,"column":34}},"loc":{"start":{"line":59,"column":34},"end":{"line":62,"column":null}},"line":59},"4":{"name":"(anonymous_4)","decl":{"start":{"line":66,"column":26},"end":{"line":66,"column":31}},"loc":{"start":{"line":66,"column":26},"end":{"line":66,"column":null}},"line":66},"5":{"name":"handleRowChange","decl":{"start":{"line":132,"column":2},"end":{"line":132,"column":18}},"loc":{"start":{"line":132,"column":36},"end":{"line":137,"column":null}},"line":132},"6":{"name":"(anonymous_6)","decl":{"start":{"line":133,"column":37},"end":{"line":133,"column":42}},"loc":{"start":{"line":134,"column":6},"end":{"line":134,"column":null}},"line":134},"7":{"name":"handleRowDelete","decl":{"start":{"line":139,"column":2},"end":{"line":139,"column":18}},"loc":{"start":{"line":139,"column":30},"end":{"line":141,"column":null}},"line":139},"8":{"name":"(anonymous_8)","decl":{"start":{"line":140,"column":40},"end":{"line":140,"column":48}},"loc":{"start":{"line":140,"column":57},"end":{"line":140,"column":71}},"line":140},"9":{"name":"handleAddItem","decl":{"start":{"line":143,"column":2},"end":{"line":143,"column":18}},"loc":{"start":{"line":143,"column":18},"end":{"line":154,"column":null}},"line":143},"10":{"name":"render_2","decl":{"start":{"line":156,"column":2},"end":{"line":156,"column":11}},"loc":{"start":{"line":156,"column":11},"end":{"line":309,"column":null}},"line":156},"11":{"name":"(anonymous_11)","decl":{"start":{"line":157,"column":41},"end":{"line":157,"column":47}},"loc":{"start":{"line":157,"column":56},"end":{"line":162,"column":5}},"line":157},"12":{"name":"(anonymous_12)","decl":{"start":{"line":164,"column":28},"end":{"line":164,"column":36}},"loc":{"start":{"line":164,"column":45},"end":{"line":172,"column":5}},"line":164},"13":{"name":"(anonymous_13)","decl":{"start":{"line":197,"column":25},"end":{"line":197,"column":38}},"loc":{"start":{"line":197,"column":38},"end":{"line":199,"column":null}},"line":197},"14":{"name":"(anonymous_14)","decl":{"start":{"line":204,"column":26},"end":{"line":204,"column":39}},"loc":{"start":{"line":204,"column":39},"end":{"line":206,"column":null}},"line":204},"15":{"name":"(anonymous_15)","decl":{"start":{"line":217,"column":25},"end":{"line":217,"column":38}},"loc":{"start":{"line":217,"column":38},"end":{"line":221,"column":null}},"line":217},"16":{"name":"(anonymous_16)","decl":{"start":{"line":224,"column":14},"end":{"line":224,"column":19}},"loc":{"start":{"line":224,"column":14},"end":{"line":224,"column":35}},"line":224},"17":{"name":"(anonymous_17)","decl":{"start":{"line":237,"column":27},"end":{"line":237,"column":40}},"loc":{"start":{"line":237,"column":40},"end":{"line":239,"column":null}},"line":237},"18":{"name":"(anonymous_18)","decl":{"start":{"line":248,"column":28},"end":{"line":248,"column":41}},"loc":{"start":{"line":248,"column":41},"end":{"line":251,"column":null}},"line":248},"19":{"name":"(anonymous_19)","decl":{"start":{"line":265,"column":28},"end":{"line":265,"column":41}},"loc":{"start":{"line":265,"column":41},"end":{"line":268,"column":null}},"line":265},"20":{"name":"(anonymous_20)","decl":{"start":{"line":286,"column":23},"end":{"line":286,"column":null}},"loc":{"start":{"line":287,"column":24},"end":{"line":295,"column":null}},"line":287},"21":{"name":"(anonymous_21)","decl":{"start":{"line":291,"column":29},"end":{"line":291,"column":46}},"loc":{"start":{"line":291,"column":46},"end":{"line":291,"column":null}},"line":291},"22":{"name":"(anonymous_22)","decl":{"start":{"line":292,"column":32},"end":{"line":292,"column":37}},"loc":{"start":{"line":292,"column":32},"end":{"line":292,"column":null}},"line":292}},"branchMap":{"0":{"loc":{"start":{"line":26,"column":17},"end":{"line":31,"column":null}},"type":"binary-expr","locations":[{"start":{"line":26,"column":17},"end":{"line":26,"column":30}},{"start":{"line":26,"column":30},"end":{"line":31,"column":null}}],"line":26},"1":{"loc":{"start":{"line":40,"column":12},"end":{"line":40,"column":null}},"type":"if","locations":[{"start":{"line":40,"column":12},"end":{"line":40,"column":null}},{"start":{},"end":{}}],"line":40},"2":{"loc":{"start":{"line":48,"column":12},"end":{"line":48,"column":null}},"type":"if","locations":[{"start":{"line":48,"column":12},"end":{"line":48,"column":null}},{"start":{},"end":{}}],"line":48},"3":{"loc":{"start":{"line":61,"column":12},"end":{"line":61,"column":null}},"type":"if","locations":[{"start":{"line":61,"column":12},"end":{"line":61,"column":null}},{"start":{},"end":{}}],"line":61},"4":{"loc":{"start":{"line":75,"column":0},"end":{"line":77,"column":null}},"type":"if","locations":[{"start":{"line":75,"column":0},"end":{"line":77,"column":null}},{"start":{},"end":{}}],"line":75},"5":{"loc":{"start":{"line":134,"column":6},"end":{"line":134,"column":null}},"type":"cond-expr","locations":[{"start":{"line":134,"column":35},"end":{"line":134,"column":49}},{"start":{"line":134,"column":49},"end":{"line":134,"column":null}}],"line":134},"6":{"loc":{"start":{"line":144,"column":4},"end":{"line":144,"column":null}},"type":"if","locations":[{"start":{"line":144,"column":4},"end":{"line":144,"column":null}},{"start":{},"end":{}}],"line":144},"7":{"loc":{"start":{"line":158,"column":6},"end":{"line":160,"column":null}},"type":"if","locations":[{"start":{"line":158,"column":6},"end":{"line":160,"column":null}},{"start":{},"end":{}}],"line":158},"8":{"loc":{"start":{"line":166,"column":8},"end":{"line":167,"column":null}},"type":"binary-expr","locations":[{"start":{"line":166,"column":8},"end":{"line":166,"column":null}},{"start":{"line":167,"column":8},"end":{"line":167,"column":null}}],"line":166},"9":{"loc":{"start":{"line":171,"column":13},"end":{"line":171,"column":null}},"type":"binary-expr","locations":[{"start":{"line":171,"column":13},"end":{"line":171,"column":32}},{"start":{"line":171,"column":32},"end":{"line":171,"column":null}}],"line":171},"10":{"loc":{"start":{"line":297,"column":14},"end":{"line":303,"column":null}},"type":"cond-expr","locations":[{"start":{"line":298,"column":18},"end":{"line":303,"column":null}},{"start":{"line":303,"column":18},"end":{"line":303,"column":null}}],"line":297}},"s":{"0":1,"1":1,"2":1,"3":29,"4":29,"5":1,"6":1,"7":1,"8":0,"9":0,"10":0,"11":0,"12":0,"13":0,"14":1,"15":1,"16":1,"17":1,"18":3,"19":3,"20":3,"21":3,"22":3,"23":3,"24":3,"25":1,"26":1,"27":1,"28":4,"29":1,"30":1,"31":4,"32":0,"33":0,"34":0,"35":0,"36":0,"37":0,"38":6,"39":29,"40":24,"41":5,"42":6,"43":23,"44":23,"45":23,"46":6,"47":0,"48":0,"49":0,"50":0,"51":0,"52":0,"53":1,"54":23,"55":1,"56":1},"f":{"0":29,"1":1,"2":0,"3":0,"4":1,"5":1,"6":4,"7":1,"8":4,"9":0,"10":6,"11":29,"12":23,"13":0,"14":0,"15":0,"16":0,"17":0,"18":0,"19":1,"20":23,"21":1,"22":1},"b":{"0":[29,12],"1":[1,0],"2":[0,0],"3":[0,0],"4":[1,0],"5":[1,3],"6":[0,0],"7":[24,5],"8":[23,0],"9":[23,23],"10":[0,6]},"meta":{"lastBranch":11,"lastFunction":23,"lastStatement":57,"seen":{"s:12:21:12:Infinity":0,"s:13:17:16:Infinity":1,"s:18:18:23:Infinity":2,"f:25:2:25:11":0,"s:26:17:31:Infinity":3,"b:26:17:26:30:26:30:31:Infinity":0,"s:32:4:66:Infinity":4,"f:38:21:38:34":1,"s:39:25:39:Infinity":5,"b:40:12:40:Infinity:undefined:undefined:undefined:undefined":1,"s:40:12:40:Infinity":6,"s:40:31:40:Infinity":7,"f:46:22:46:35":2,"s:47:25:47:Infinity":8,"b:48:12:48:Infinity:undefined:undefined:undefined:undefined":2,"s:48:12:48:Infinity":9,"s:48:31:48:Infinity":10,"f:59:21:59:34":3,"s:60:24:60:Infinity":11,"b:61:12:61:Infinity:undefined:undefined:undefined:undefined":3,"s:61:12:61:Infinity":12,"s:61:31:61:Infinity":13,"f:66:26:66:31":4,"s:66:26:66:Infinity":14,"b:75:0:77:Infinity:undefined:undefined:undefined:undefined":4,"s:75:0:77:Infinity":15,"s:76:2:76:Infinity":16,"s:86:21:86:Infinity":17,"s:88:10:103:Infinity":18,"s:105:11:105:Infinity":19,"s:106:19:108:Infinity":20,"s:109:16:109:Infinity":21,"s:112:13:112:Infinity":22,"s:113:16:113:Infinity":23,"s:114:13:114:Infinity":24,"s:116:17:118:Infinity":25,"s:120:18:130:Infinity":26,"f:132:2:132:18":5,"s:133:20:135:Infinity":27,"f:133:37:133:42":6,"s:134:6:134:Infinity":28,"b:134:35:134:49:134:49:134:Infinity":5,"s:136:4:136:Infinity":29,"f:139:2:139:18":7,"s:140:4:140:Infinity":30,"f:140:40:140:48":8,"s:140:57:140:71":31,"f:143:2:143:18":9,"b:144:4:144:Infinity:undefined:undefined:undefined:undefined":6,"s:144:4:144:Infinity":32,"s:144:37:144:Infinity":33,"s:145:20:150:Infinity":34,"s:151:4:151:Infinity":35,"s:152:4:152:Infinity":36,"s:153:4:153:Infinity":37,"f:156:2:156:11":10,"s:157:19:162:Infinity":38,"f:157:41:157:47":11,"b:158:6:160:Infinity:undefined:undefined:undefined:undefined":7,"s:158:6:160:Infinity":39,"s:159:8:159:Infinity":40,"s:161:6:161:Infinity":41,"s:164:21:172:Infinity":42,"f:164:28:164:36":12,"s:166:8:167:Infinity":43,"b:166:8:166:Infinity:167:8:167:Infinity":8,"s:168:28:170:Infinity":44,"s:171:6:171:Infinity":45,"b:171:13:171:32:171:32:171:Infinity":9,"s:174:4:303:Infinity":46,"f:197:25:197:38":13,"s:198:16:198:Infinity":47,"f:204:26:204:39":14,"s:205:16:205:Infinity":48,"f:217:25:217:38":15,"s:218:16:220:Infinity":49,"f:224:14:224:19":16,"s:224:14:224:35":50,"f:237:27:237:40":17,"s:238:18:238:Infinity":51,"f:248:28:248:41":18,"s:249:18:250:Infinity":52,"f:265:28:265:41":19,"s:266:18:267:Infinity":53,"f:286:23:286:Infinity":20,"s:287:24:295:Infinity":54,"f:291:29:291:46":21,"s:291:46:291:Infinity":55,"f:292:32:292:37":22,"s:292:32:292:Infinity":56,"b:298:18:303:Infinity:303:18:303:Infinity":10},"fnNames":{}}}
,"/media/naranyala/Data/projects-remote/exba-wasm-web-starter/src/components/internal/index.ts": {"path":"/media/naranyala/Data/projects-remote/exba-wasm-web-starter/src/components/internal/index.ts","statementMap":{"0":{"start":{"line":11,"column":2},"end":{"line":11,"column":null}},"1":{"start":{"line":12,"column":2},"end":{"line":12,"column":null}},"2":{"start":{"line":13,"column":2},"end":{"line":13,"column":null}},"3":{"start":{"line":14,"column":2},"end":{"line":14,"column":null}}},"fnMap":{"0":{"name":"registerInternal","decl":{"start":{"line":10,"column":16},"end":{"line":10,"column":35}},"loc":{"start":{"line":10,"column":35},"end":{"line":15,"column":null}},"line":10}},"branchMap":{},"s":{"0":1,"1":1,"2":1,"3":1},"f":{"0":1},"b":{},"meta":{"lastBranch":0,"lastFunction":1,"lastStatement":4,"seen":{"f:10:16:10:35":0,"s:11:2:11:Infinity":0,"s:12:2:12:Infinity":1,"s:13:2:13:Infinity":2,"s:14:2:14:Infinity":3},"fnNames":{}}}
,"/media/naranyala/Data/projects-remote/exba-wasm-web-starter/src/components/internal/home/index.ts": {"path":"/media/naranyala/Data/projects-remote/exba-wasm-web-starter/src/components/internal/home/index.ts","statementMap":{"0":{"start":{"line":14,"column":21},"end":{"line":14,"column":null}},"1":{"start":{"line":15,"column":17},"end":{"line":15,"column":null}},"2":{"start":{"line":16,"column":18},"end":{"line":16,"column":null}},"3":{"start":{"line":19,"column":57},"end":{"line":22,"column":null}},"4":{"start":{"line":25,"column":4},"end":{"line":31,"column":null}},"5":{"start":{"line":45,"column":4},"end":{"line":45,"column":null}},"6":{"start":{"line":46,"column":4},"end":{"line":46,"column":null}},"7":{"start":{"line":48,"column":21},"end":{"line":48,"column":null}},"8":{"start":{"line":49,"column":4},"end":{"line":59,"column":null}},"9":{"start":{"line":50,"column":6},"end":{"line":58,"column":null}},"10":{"start":{"line":51,"column":23},"end":{"line":51,"column":null}},"11":{"start":{"line":52,"column":25},"end":{"line":56,"column":null}},"12":{"start":{"line":54,"column":12},"end":{"line":55,"column":null}},"13":{"start":{"line":57,"column":8},"end":{"line":57,"column":null}},"14":{"start":{"line":62,"column":4},"end":{"line":77,"column":null}},"15":{"start":{"line":63,"column":6},"end":{"line":63,"column":null}},"16":{"start":{"line":65,"column":23},"end":{"line":65,"column":null}},"17":{"start":{"line":66,"column":20},"end":{"line":66,"column":null}},"18":{"start":{"line":68,"column":23},"end":{"line":74,"column":null}},"19":{"start":{"line":71,"column":14},"end":{"line":72,"column":null}},"20":{"start":{"line":76,"column":6},"end":{"line":76,"column":null}},"21":{"start":{"line":84,"column":4},"end":{"line":84,"column":null}},"22":{"start":{"line":94,"column":17},"end":{"line":94,"column":null}},"23":{"start":{"line":95,"column":4},"end":{"line":95,"column":null}},"24":{"start":{"line":95,"column":15},"end":{"line":95,"column":null}},"25":{"start":{"line":97,"column":21},"end":{"line":97,"column":null}},"26":{"start":{"line":97,"column":46},"end":{"line":97,"column":50}},"27":{"start":{"line":99,"column":4},"end":{"line":129,"column":null}},"28":{"start":{"line":100,"column":28},"end":{"line":102,"column":null}},"29":{"start":{"line":101,"column":8},"end":{"line":101,"column":null}},"30":{"start":{"line":103,"column":6},"end":{"line":103,"column":null}},"31":{"start":{"line":103,"column":38},"end":{"line":103,"column":null}},"32":{"start":{"line":105,"column":26},"end":{"line":105,"column":null}},"33":{"start":{"line":107,"column":6},"end":{"line":124,"column":null}},"34":{"start":{"line":117,"column":28},"end":{"line":123,"column":null}}},"fnMap":{"0":{"name":"render","decl":{"start":{"line":24,"column":2},"end":{"line":24,"column":11}},"loc":{"start":{"line":24,"column":11},"end":{"line":38,"column":null}},"line":24},"1":{"name":"connectedCallback","decl":{"start":{"line":44,"column":2},"end":{"line":44,"column":22}},"loc":{"start":{"line":44,"column":22},"end":{"line":78,"column":null}},"line":44},"2":{"name":"(anonymous_2)","decl":{"start":{"line":50,"column":32},"end":{"line":50,"column":42}},"loc":{"start":{"line":50,"column":48},"end":{"line":58,"column":7}},"line":50},"3":{"name":"(anonymous_3)","decl":{"start":{"line":52,"column":36},"end":{"line":52,"column":null}},"loc":{"start":{"line":54,"column":12},"end":{"line":55,"column":null}},"line":54},"4":{"name":"(anonymous_4)","decl":{"start":{"line":62,"column":20},"end":{"line":62,"column":38}},"loc":{"start":{"line":62,"column":53},"end":{"line":77,"column":null}},"line":62},"5":{"name":"(anonymous_5)","decl":{"start":{"line":69,"column":21},"end":{"line":69,"column":null}},"loc":{"start":{"line":71,"column":14},"end":{"line":72,"column":null}},"line":71},"6":{"name":"renderGridMenu","decl":{"start":{"line":83,"column":2},"end":{"line":83,"column":10}},"loc":{"start":{"line":83,"column":27},"end":{"line":85,"column":null}},"line":83},"7":{"name":"updateGrid","decl":{"start":{"line":93,"column":2},"end":{"line":93,"column":10}},"loc":{"start":{"line":93,"column":75},"end":{"line":130,"column":null}},"line":93},"8":{"name":"(anonymous_8)","decl":{"start":{"line":97,"column":35},"end":{"line":97,"column":40}},"loc":{"start":{"line":97,"column":46},"end":{"line":97,"column":50}},"line":97},"9":{"name":"(anonymous_9)","decl":{"start":{"line":99,"column":37},"end":{"line":99,"column":42}},"loc":{"start":{"line":99,"column":55},"end":{"line":129,"column":5}},"line":99},"10":{"name":"(anonymous_10)","decl":{"start":{"line":100,"column":43},"end":{"line":100,"column":51}},"loc":{"start":{"line":101,"column":8},"end":{"line":101,"column":null}},"line":101},"11":{"name":"(anonymous_11)","decl":{"start":{"line":116,"column":17},"end":{"line":116,"column":null}},"loc":{"start":{"line":117,"column":28},"end":{"line":123,"column":null}},"line":117}},"branchMap":{"0":{"loc":{"start":{"line":49,"column":4},"end":{"line":59,"column":null}},"type":"if","locations":[{"start":{"line":49,"column":4},"end":{"line":59,"column":null}},{"start":{},"end":{}}],"line":49},"1":{"loc":{"start":{"line":54,"column":12},"end":{"line":55,"column":null}},"type":"binary-expr","locations":[{"start":{"line":54,"column":12},"end":{"line":54,"column":null}},{"start":{"line":55,"column":12},"end":{"line":55,"column":null}}],"line":54},"2":{"loc":{"start":{"line":66,"column":20},"end":{"line":66,"column":null}},"type":"binary-expr","locations":[{"start":{"line":66,"column":20},"end":{"line":66,"column":39}},{"start":{"line":66,"column":39},"end":{"line":66,"column":null}}],"line":66},"3":{"loc":{"start":{"line":68,"column":23},"end":{"line":74,"column":null}},"type":"cond-expr","locations":[{"start":{"line":69,"column":10},"end":{"line":73,"column":null}},{"start":{"line":74,"column":10},"end":{"line":74,"column":null}}],"line":68},"4":{"loc":{"start":{"line":71,"column":14},"end":{"line":72,"column":null}},"type":"binary-expr","locations":[{"start":{"line":71,"column":14},"end":{"line":71,"column":null}},{"start":{"line":72,"column":14},"end":{"line":72,"column":null}}],"line":71},"5":{"loc":{"start":{"line":93,"column":47},"end":{"line":93,"column":75}},"type":"default-arg","locations":[{"start":{"line":93,"column":68},"end":{"line":93,"column":75}}],"line":93},"6":{"loc":{"start":{"line":95,"column":4},"end":{"line":95,"column":null}},"type":"if","locations":[{"start":{"line":95,"column":4},"end":{"line":95,"column":null}},{"start":{},"end":{}}],"line":95},"7":{"loc":{"start":{"line":103,"column":6},"end":{"line":103,"column":null}},"type":"if","locations":[{"start":{"line":103,"column":6},"end":{"line":103,"column":null}},{"start":{},"end":{}}],"line":103},"8":{"loc":{"start":{"line":105,"column":26},"end":{"line":105,"column":null}},"type":"binary-expr","locations":[{"start":{"line":105,"column":26},"end":{"line":105,"column":40}},{"start":{"line":105,"column":40},"end":{"line":105,"column":null}}],"line":105},"9":{"loc":{"start":{"line":111,"column":49},"end":{"line":111,"column":85}},"type":"cond-expr","locations":[{"start":{"line":111,"column":63},"end":{"line":111,"column":68}},{"start":{"line":111,"column":68},"end":{"line":111,"column":85}}],"line":111},"10":{"loc":{"start":{"line":113,"column":54},"end":{"line":113,"column":90}},"type":"cond-expr","locations":[{"start":{"line":113,"column":68},"end":{"line":113,"column":87}},{"start":{"line":113,"column":87},"end":{"line":113,"column":90}}],"line":113}},"s":{"0":1,"1":1,"2":1,"3":2,"4":2,"5":2,"6":2,"7":2,"8":2,"9":2,"10":2,"11":2,"12":60,"13":2,"14":2,"15":0,"16":0,"17":0,"18":0,"19":0,"20":0,"21":2,"22":4,"23":4,"24":0,"25":4,"26":61,"27":4,"28":12,"29":120,"30":12,"31":5,"32":7,"33":12,"34":61},"f":{"0":2,"1":2,"2":2,"3":60,"4":0,"5":0,"6":2,"7":4,"8":61,"9":12,"10":120,"11":61},"b":{"0":[2,0],"1":[60,59],"2":[0,0],"3":[0,0],"4":[0,0],"5":[4],"6":[0,4],"7":[5,7],"8":[7,6],"9":[4,3],"10":[4,3]},"meta":{"lastBranch":11,"lastFunction":12,"lastStatement":35,"seen":{"s:14:21:14:Infinity":0,"s:15:17:15:Infinity":1,"s:16:18:16:Infinity":2,"s:19:57:22:Infinity":3,"f:24:2:24:11":0,"s:25:4:31:Infinity":4,"f:44:2:44:22":1,"s:45:4:45:Infinity":5,"s:46:4:46:Infinity":6,"s:48:21:48:Infinity":7,"b:49:4:59:Infinity:undefined:undefined:undefined:undefined":0,"s:49:4:59:Infinity":8,"s:50:6:58:Infinity":9,"f:50:32:50:42":2,"s:51:23:51:Infinity":10,"s:52:25:56:Infinity":11,"f:52:36:52:Infinity":3,"s:54:12:55:Infinity":12,"b:54:12:54:Infinity:55:12:55:Infinity":1,"s:57:8:57:Infinity":13,"s:62:4:77:Infinity":14,"f:62:20:62:38":4,"s:63:6:63:Infinity":15,"s:65:23:65:Infinity":16,"s:66:20:66:Infinity":17,"b:66:20:66:39:66:39:66:Infinity":2,"s:68:23:74:Infinity":18,"b:69:10:73:Infinity:74:10:74:Infinity":3,"f:69:21:69:Infinity":5,"s:71:14:72:Infinity":19,"b:71:14:71:Infinity:72:14:72:Infinity":4,"s:76:6:76:Infinity":20,"f:83:2:83:10":6,"s:84:4:84:Infinity":21,"f:93:2:93:10":7,"b:93:68:93:75":5,"s:94:17:94:Infinity":22,"b:95:4:95:Infinity:undefined:undefined:undefined:undefined":6,"s:95:4:95:Infinity":23,"s:95:15:95:Infinity":24,"s:97:21:97:Infinity":25,"f:97:35:97:40":8,"s:97:46:97:50":26,"s:99:4:129:Infinity":27,"f:99:37:99:42":9,"s:100:28:102:Infinity":28,"f:100:43:100:51":10,"s:101:8:101:Infinity":29,"b:103:6:103:Infinity:undefined:undefined:undefined:undefined":7,"s:103:6:103:Infinity":30,"s:103:38:103:Infinity":31,"s:105:26:105:Infinity":32,"b:105:26:105:40:105:40:105:Infinity":8,"s:107:6:124:Infinity":33,"b:111:63:111:68:111:68:111:85":9,"b:113:68:113:87:113:87:113:90":10,"f:116:17:116:Infinity":11,"s:117:28:123:Infinity":34},"fnNames":{}}}
,"/media/naranyala/Data/projects-remote/exba-wasm-web-starter/src/components/internal/modal/index.ts": {"path":"/media/naranyala/Data/projects-remote/exba-wasm-web-starter/src/components/internal/modal/index.ts","statementMap":{"0":{"start":{"line":14,"column":18},"end":{"line":22,"column":null}},"1":{"start":{"line":28,"column":21},"end":{"line":35,"column":null}},"2":{"start":{"line":37,"column":4},"end":{"line":51,"column":null}},"3":{"start":{"line":43,"column":21},"end":{"line":50,"column":null}},"4":{"start":{"line":62,"column":4},"end":{"line":62,"column":null}},"5":{"start":{"line":63,"column":21},"end":{"line":63,"column":null}},"6":{"start":{"line":64,"column":4},"end":{"line":66,"column":null}},"7":{"start":{"line":65,"column":6},"end":{"line":65,"column":null}},"8":{"start":{"line":65,"column":40},"end":{"line":65,"column":null}}},"fnMap":{"0":{"name":"render","decl":{"start":{"line":27,"column":2},"end":{"line":27,"column":11}},"loc":{"start":{"line":27,"column":11},"end":{"line":55,"column":null}},"line":27},"1":{"name":"(anonymous_1)","decl":{"start":{"line":42,"column":13},"end":{"line":42,"column":null}},"loc":{"start":{"line":43,"column":21},"end":{"line":50,"column":null}},"line":43},"2":{"name":"connectedCallback","decl":{"start":{"line":61,"column":2},"end":{"line":61,"column":22}},"loc":{"start":{"line":61,"column":22},"end":{"line":67,"column":null}},"line":61},"3":{"name":"(anonymous_3)","decl":{"start":{"line":64,"column":31},"end":{"line":64,"column":41}},"loc":{"start":{"line":64,"column":47},"end":{"line":66,"column":5}},"line":64}},"branchMap":{"0":{"loc":{"start":{"line":65,"column":6},"end":{"line":65,"column":null}},"type":"if","locations":[{"start":{"line":65,"column":6},"end":{"line":65,"column":null}},{"start":{},"end":{}}],"line":65}},"s":{"0":1,"1":2,"2":2,"3":4,"4":2,"5":2,"6":2,"7":1,"8":1},"f":{"0":2,"1":4,"2":2,"3":1},"b":{"0":[1,0]},"meta":{"lastBranch":1,"lastFunction":4,"lastStatement":9,"seen":{"s:14:18:22:Infinity":0,"f:27:2:27:11":0,"s:28:21:35:Infinity":1,"s:37:4:51:Infinity":2,"f:42:13:42:Infinity":1,"s:43:21:50:Infinity":3,"f:61:2:61:22":2,"s:62:4:62:Infinity":4,"s:63:21:63:Infinity":5,"s:64:4:66:Infinity":6,"f:64:31:64:41":3,"b:65:6:65:Infinity:undefined:undefined:undefined:undefined":0,"s:65:6:65:Infinity":7,"s:65:40:65:Infinity":8},"fnNames":{}}}
,"/media/naranyala/Data/projects-remote/exba-wasm-web-starter/src/components/internal/status-bar/index.ts": {"path":"/media/naranyala/Data/projects-remote/exba-wasm-web-starter/src/components/internal/status-bar/index.ts","statementMap":{"0":{"start":{"line":15,"column":17},"end":{"line":20,"column":null}},"1":{"start":{"line":23,"column":18},"end":{"line":27,"column":null}},"2":{"start":{"line":33,"column":4},"end":{"line":35,"column":null}},"3":{"start":{"line":34,"column":6},"end":{"line":34,"column":null}},"4":{"start":{"line":42,"column":23},"end":{"line":42,"column":null}},"5":{"start":{"line":43,"column":22},"end":{"line":43,"column":null}},"6":{"start":{"line":44,"column":20},"end":{"line":44,"column":null}},"7":{"start":{"line":46,"column":4},"end":{"line":54,"column":null}},"8":{"start":{"line":60,"column":4},"end":{"line":60,"column":null}},"9":{"start":{"line":61,"column":4},"end":{"line":66,"column":null}},"10":{"start":{"line":62,"column":21},"end":{"line":62,"column":null}},"11":{"start":{"line":63,"column":6},"end":{"line":65,"column":null}},"12":{"start":{"line":64,"column":8},"end":{"line":64,"column":null}}},"fnMap":{"0":{"name":"onMount","decl":{"start":{"line":32,"column":2},"end":{"line":32,"column":12}},"loc":{"start":{"line":32,"column":22},"end":{"line":36,"column":null}},"line":32},"1":{"name":"(anonymous_1)","decl":{"start":{"line":33,"column":22},"end":{"line":33,"column":34}},"loc":{"start":{"line":33,"column":42},"end":{"line":35,"column":5}},"line":33},"2":{"name":"render","decl":{"start":{"line":41,"column":2},"end":{"line":41,"column":11}},"loc":{"start":{"line":41,"column":11},"end":{"line":57,"column":null}},"line":41},"3":{"name":"connectedCallback","decl":{"start":{"line":59,"column":2},"end":{"line":59,"column":22}},"loc":{"start":{"line":59,"column":22},"end":{"line":67,"column":null}},"line":59},"4":{"name":"(anonymous_4)","decl":{"start":{"line":61,"column":38},"end":{"line":61,"column":48}},"loc":{"start":{"line":61,"column":54},"end":{"line":66,"column":5}},"line":61}},"branchMap":{"0":{"loc":{"start":{"line":42,"column":23},"end":{"line":42,"column":null}},"type":"binary-expr","locations":[{"start":{"line":42,"column":23},"end":{"line":42,"column":48}},{"start":{"line":42,"column":48},"end":{"line":42,"column":null}}],"line":42},"1":{"loc":{"start":{"line":43,"column":22},"end":{"line":43,"column":null}},"type":"binary-expr","locations":[{"start":{"line":43,"column":22},"end":{"line":43,"column":54}},{"start":{"line":43,"column":54},"end":{"line":43,"column":null}}],"line":43},"2":{"loc":{"start":{"line":44,"column":20},"end":{"line":44,"column":null}},"type":"binary-expr","locations":[{"start":{"line":44,"column":20},"end":{"line":44,"column":42}},{"start":{"line":44,"column":42},"end":{"line":44,"column":null}}],"line":44},"3":{"loc":{"start":{"line":63,"column":6},"end":{"line":65,"column":null}},"type":"if","locations":[{"start":{"line":63,"column":6},"end":{"line":65,"column":null}},{"start":{},"end":{}}],"line":63}},"s":{"0":1,"1":1,"2":3,"3":1,"4":4,"5":4,"6":4,"7":4,"8":3,"9":3,"10":1,"11":1,"12":1},"f":{"0":3,"1":1,"2":4,"3":3,"4":1},"b":{"0":[4,3],"1":[4,3],"2":[4,3],"3":[1,0]},"meta":{"lastBranch":4,"lastFunction":5,"lastStatement":13,"seen":{"s:15:17:20:Infinity":0,"s:23:18:27:Infinity":1,"f:32:2:32:12":0,"s:33:4:35:Infinity":2,"f:33:22:33:34":1,"s:34:6:34:Infinity":3,"f:41:2:41:11":2,"s:42:23:42:Infinity":4,"b:42:23:42:48:42:48:42:Infinity":0,"s:43:22:43:Infinity":5,"b:43:22:43:54:43:54:43:Infinity":1,"s:44:20:44:Infinity":6,"b:44:20:44:42:44:42:44:Infinity":2,"s:46:4:54:Infinity":7,"f:59:2:59:22":3,"s:60:4:60:Infinity":8,"s:61:4:66:Infinity":9,"f:61:38:61:48":4,"s:62:21:62:Infinity":10,"b:63:6:65:Infinity:undefined:undefined:undefined:undefined":3,"s:63:6:65:Infinity":11,"s:64:8:64:Infinity":12},"fnNames":{}}}
,"/media/naranyala/Data/projects-remote/exba-wasm-web-starter/src/components/internal/tab-bar/index.ts": {"path":"/media/naranyala/Data/projects-remote/exba-wasm-web-starter/src/components/internal/tab-bar/index.ts","statementMap":{"0":{"start":{"line":3,"column":15},"end":{"line":81,"column":null}},"1":{"start":{"line":96,"column":50},"end":{"line":96,"column":null}},"2":{"start":{"line":97,"column":39},"end":{"line":97,"column":null}},"3":{"start":{"line":100,"column":4},"end":{"line":100,"column":null}},"4":{"start":{"line":101,"column":4},"end":{"line":101,"column":null}},"5":{"start":{"line":102,"column":4},"end":{"line":102,"column":null}},"6":{"start":{"line":109,"column":4},"end":{"line":109,"column":null}},"7":{"start":{"line":116,"column":4},"end":{"line":123,"column":null}},"8":{"start":{"line":117,"column":6},"end":{"line":121,"column":null}},"9":{"start":{"line":118,"column":8},"end":{"line":118,"column":null}},"10":{"start":{"line":120,"column":8},"end":{"line":120,"column":null}},"11":{"start":{"line":122,"column":6},"end":{"line":122,"column":null}},"12":{"start":{"line":130,"column":4},"end":{"line":130,"column":null}},"13":{"start":{"line":130,"column":26},"end":{"line":130,"column":null}},"14":{"start":{"line":131,"column":4},"end":{"line":144,"column":null}},"15":{"start":{"line":137,"column":19},"end":{"line":143,"column":null}},"16":{"start":{"line":148,"column":4},"end":{"line":158,"column":null}},"17":{"start":{"line":151,"column":8},"end":{"line":157,"column":null}},"18":{"start":{"line":160,"column":4},"end":{"line":182,"column":null}},"19":{"start":{"line":161,"column":6},"end":{"line":181,"column":null}},"20":{"start":{"line":162,"column":23},"end":{"line":162,"column":null}},"21":{"start":{"line":163,"column":8},"end":{"line":173,"column":null}},"22":{"start":{"line":164,"column":10},"end":{"line":164,"column":null}},"23":{"start":{"line":165,"column":10},"end":{"line":171,"column":null}},"24":{"start":{"line":172,"column":10},"end":{"line":172,"column":null}},"25":{"start":{"line":174,"column":8},"end":{"line":180,"column":null}},"26":{"start":{"line":190,"column":4},"end":{"line":190,"column":null}},"27":{"start":{"line":191,"column":4},"end":{"line":191,"column":null}}},"fnMap":{"0":{"name":"constructor","decl":{"start":{"line":99,"column":2},"end":{"line":99,"column":16}},"loc":{"start":{"line":99,"column":16},"end":{"line":103,"column":null}},"line":99},"1":{"name":"observedAttributes","decl":{"start":{"line":108,"column":13},"end":{"line":108,"column":34}},"loc":{"start":{"line":108,"column":34},"end":{"line":110,"column":null}},"line":108},"2":{"name":"attributeChangedCallback","decl":{"start":{"line":115,"column":2},"end":{"line":115,"column":27}},"loc":{"start":{"line":115,"column":78},"end":{"line":124,"column":null}},"line":115},"3":{"name":"render","decl":{"start":{"line":129,"column":2},"end":{"line":129,"column":11}},"loc":{"start":{"line":129,"column":11},"end":{"line":183,"column":null}},"line":129},"4":{"name":"(anonymous_4)","decl":{"start":{"line":136,"column":11},"end":{"line":136,"column":null}},"loc":{"start":{"line":137,"column":19},"end":{"line":143,"column":null}},"line":137},"5":{"name":"(anonymous_5)","decl":{"start":{"line":150,"column":25},"end":{"line":150,"column":40}},"loc":{"start":{"line":150,"column":40},"end":{"line":158,"column":7}},"line":150},"6":{"name":"(anonymous_6)","decl":{"start":{"line":160,"column":45},"end":{"line":160,"column":54}},"loc":{"start":{"line":160,"column":61},"end":{"line":182,"column":5}},"line":160},"7":{"name":"(anonymous_7)","decl":{"start":{"line":161,"column":26},"end":{"line":161,"column":36}},"loc":{"start":{"line":161,"column":42},"end":{"line":181,"column":7}},"line":161},"8":{"name":"setActive","decl":{"start":{"line":189,"column":2},"end":{"line":189,"column":12}},"loc":{"start":{"line":189,"column":31},"end":{"line":192,"column":null}},"line":189}},"branchMap":{"0":{"loc":{"start":{"line":116,"column":4},"end":{"line":123,"column":null}},"type":"if","locations":[{"start":{"line":116,"column":4},"end":{"line":123,"column":null}},{"start":{},"end":{}}],"line":116},"1":{"loc":{"start":{"line":130,"column":4},"end":{"line":130,"column":null}},"type":"if","locations":[{"start":{"line":130,"column":4},"end":{"line":130,"column":null}},{"start":{},"end":{}}],"line":130},"2":{"loc":{"start":{"line":138,"column":28},"end":{"line":138,"column":70}},"type":"cond-expr","locations":[{"start":{"line":138,"column":56},"end":{"line":138,"column":67}},{"start":{"line":138,"column":67},"end":{"line":138,"column":70}}],"line":138},"3":{"loc":{"start":{"line":163,"column":8},"end":{"line":173,"column":null}},"type":"if","locations":[{"start":{"line":163,"column":8},"end":{"line":173,"column":null}},{"start":{},"end":{}}],"line":163}},"s":{"0":2,"1":4,"2":4,"3":4,"4":4,"5":4,"6":1,"7":3,"8":3,"9":3,"10":0,"11":3,"12":8,"13":0,"14":8,"15":5,"16":8,"17":1,"18":8,"19":5,"20":2,"21":2,"22":1,"23":1,"24":1,"25":1,"26":1,"27":1},"f":{"0":4,"1":2,"2":3,"3":8,"4":5,"5":1,"6":5,"7":2,"8":1},"b":{"0":[3,0],"1":[0,8],"2":[1,4],"3":[1,1]},"meta":{"lastBranch":4,"lastFunction":9,"lastStatement":28,"seen":{"s:3:15:81:Infinity":0,"s:96:50:96:Infinity":1,"s:97:39:97:Infinity":2,"f:99:2:99:16":0,"s:100:4:100:Infinity":3,"s:101:4:101:Infinity":4,"s:102:4:102:Infinity":5,"f:108:13:108:34":1,"s:109:4:109:Infinity":6,"f:115:2:115:27":2,"b:116:4:123:Infinity:undefined:undefined:undefined:undefined":0,"s:116:4:123:Infinity":7,"s:117:6:121:Infinity":8,"s:118:8:118:Infinity":9,"s:120:8:120:Infinity":10,"s:122:6:122:Infinity":11,"f:129:2:129:11":3,"b:130:4:130:Infinity:undefined:undefined:undefined:undefined":1,"s:130:4:130:Infinity":12,"s:130:26:130:Infinity":13,"s:131:4:144:Infinity":14,"f:136:11:136:Infinity":4,"s:137:19:143:Infinity":15,"b:138:56:138:67:138:67:138:70":2,"s:148:4:158:Infinity":16,"f:150:25:150:40":5,"s:151:8:157:Infinity":17,"s:160:4:182:Infinity":18,"f:160:45:160:54":6,"s:161:6:181:Infinity":19,"f:161:26:161:36":7,"s:162:23:162:Infinity":20,"b:163:8:173:Infinity:undefined:undefined:undefined:undefined":3,"s:163:8:173:Infinity":21,"s:164:10:164:Infinity":22,"s:165:10:171:Infinity":23,"s:172:10:172:Infinity":24,"s:174:8:180:Infinity":25,"f:189:2:189:12":8,"s:190:4:190:Infinity":26,"s:191:4:191:Infinity":27},"fnNames":{}}}
,"/media/naranyala/Data/projects-remote/exba-wasm-web-starter/src/components/widgets/accordion.ts": {"path":"/media/naranyala/Data/projects-remote/exba-wasm-web-starter/src/components/widgets/accordion.ts","statementMap":{"0":{"start":{"line":13,"column":21},"end":{"line":13,"column":null}},"1":{"start":{"line":15,"column":18},"end":{"line":29,"column":null}},"2":{"start":{"line":35,"column":4},"end":{"line":35,"column":null}},"3":{"start":{"line":43,"column":20},"end":{"line":43,"column":null}},"4":{"start":{"line":44,"column":4},"end":{"line":44,"column":null}},"5":{"start":{"line":51,"column":19},"end":{"line":51,"column":null}},"6":{"start":{"line":52,"column":18},"end":{"line":68,"column":null}},"7":{"start":{"line":70,"column":4},"end":{"line":87,"column":null}},"8":{"start":{"line":75,"column":25},"end":{"line":86,"column":null}},"9":{"start":{"line":93,"column":4},"end":{"line":93,"column":null}},"10":{"start":{"line":94,"column":4},"end":{"line":94,"column":null}},"11":{"start":{"line":94,"column":53},"end":{"line":94,"column":null}},"12":{"start":{"line":96,"column":4},"end":{"line":108,"column":null}},"13":{"start":{"line":97,"column":21},"end":{"line":97,"column":null}},"14":{"start":{"line":98,"column":21},"end":{"line":98,"column":null}},"15":{"start":{"line":99,"column":6},"end":{"line":107,"column":null}},"16":{"start":{"line":100,"column":24},"end":{"line":102,"column":null}},"17":{"start":{"line":103,"column":22},"end":{"line":103,"column":null}},"18":{"start":{"line":104,"column":8},"end":{"line":106,"column":null}},"19":{"start":{"line":105,"column":10},"end":{"line":105,"column":null}}},"fnMap":{"0":{"name":"onMount","decl":{"start":{"line":34,"column":2},"end":{"line":34,"column":12}},"loc":{"start":{"line":34,"column":22},"end":{"line":36,"column":null}},"line":34},"1":{"name":"toggle","decl":{"start":{"line":42,"column":2},"end":{"line":42,"column":10}},"loc":{"start":{"line":42,"column":32},"end":{"line":45,"column":null}},"line":42},"2":{"name":"render","decl":{"start":{"line":50,"column":2},"end":{"line":50,"column":11}},"loc":{"start":{"line":50,"column":11},"end":{"line":90,"column":null}},"line":50},"3":{"name":"(anonymous_3)","decl":{"start":{"line":74,"column":11},"end":{"line":74,"column":null}},"loc":{"start":{"line":75,"column":25},"end":{"line":86,"column":null}},"line":75},"4":{"name":"connectedCallback","decl":{"start":{"line":92,"column":2},"end":{"line":92,"column":22}},"loc":{"start":{"line":92,"column":22},"end":{"line":109,"column":null}},"line":92},"5":{"name":"(anonymous_5)","decl":{"start":{"line":94,"column":20},"end":{"line":94,"column":39}},"loc":{"start":{"line":94,"column":53},"end":{"line":94,"column":null}},"line":94},"6":{"name":"(anonymous_6)","decl":{"start":{"line":96,"column":38},"end":{"line":96,"column":48}},"loc":{"start":{"line":96,"column":54},"end":{"line":108,"column":5}},"line":96}},"branchMap":{"0":{"loc":{"start":{"line":44,"column":33},"end":{"line":44,"column":64}},"type":"cond-expr","locations":[{"start":{"line":44,"column":53},"end":{"line":44,"column":58}},{"start":{"line":44,"column":58},"end":{"line":44,"column":64}}],"line":44},"1":{"loc":{"start":{"line":76,"column":31},"end":{"line":76,"column":64}},"type":"cond-expr","locations":[{"start":{"line":76,"column":46},"end":{"line":76,"column":61}},{"start":{"line":76,"column":61},"end":{"line":76,"column":64}}],"line":76},"2":{"loc":{"start":{"line":79,"column":36},"end":{"line":79,"column":69}},"type":"cond-expr","locations":[{"start":{"line":79,"column":51},"end":{"line":79,"column":66}},{"start":{"line":79,"column":66},"end":{"line":79,"column":69}}],"line":79},"3":{"loc":{"start":{"line":81,"column":36},"end":{"line":81,"column":73}},"type":"cond-expr","locations":[{"start":{"line":81,"column":51},"end":{"line":81,"column":70}},{"start":{"line":81,"column":70},"end":{"line":81,"column":73}}],"line":81},"4":{"loc":{"start":{"line":99,"column":6},"end":{"line":107,"column":null}},"type":"if","locations":[{"start":{"line":99,"column":6},"end":{"line":107,"column":null}},{"start":{},"end":{}}],"line":99},"5":{"loc":{"start":{"line":101,"column":10},"end":{"line":101,"column":null}},"type":"binary-expr","locations":[{"start":{"line":101,"column":10},"end":{"line":101,"column":58}},{"start":{"line":101,"column":58},"end":{"line":101,"column":null}}],"line":101},"6":{"loc":{"start":{"line":104,"column":8},"end":{"line":106,"column":null}},"type":"if","locations":[{"start":{"line":104,"column":8},"end":{"line":106,"column":null}},{"start":{},"end":{}}],"line":104}},"s":{"0":1,"1":1,"2":2,"3":2,"4":2,"5":6,"6":6,"7":6,"8":18,"9":2,"10":2,"11":0,"12":2,"13":2,"14":2,"15":2,"16":2,"17":2,"18":2,"19":2},"f":{"0":2,"1":2,"2":6,"3":18,"4":2,"5":0,"6":2},"b":{"0":[1,1],"1":[3,15],"2":[3,15],"3":[3,15],"4":[2,0],"5":[2,0],"6":[2,0]},"meta":{"lastBranch":7,"lastFunction":7,"lastStatement":20,"seen":{"s:13:21:13:Infinity":0,"s:15:18:29:Infinity":1,"f:34:2:34:12":0,"s:35:4:35:Infinity":2,"f:42:2:42:10":1,"s:43:20:43:Infinity":3,"s:44:4:44:Infinity":4,"b:44:53:44:58:44:58:44:64":0,"f:50:2:50:11":2,"s:51:19:51:Infinity":5,"s:52:18:68:Infinity":6,"s:70:4:87:Infinity":7,"f:74:11:74:Infinity":3,"s:75:25:86:Infinity":8,"b:76:46:76:61:76:61:76:64":1,"b:79:51:79:66:79:66:79:69":2,"b:81:51:81:70:81:70:81:73":3,"f:92:2:92:22":4,"s:93:4:93:Infinity":9,"s:94:4:94:Infinity":10,"f:94:20:94:39":5,"s:94:53:94:Infinity":11,"s:96:4:108:Infinity":12,"f:96:38:96:48":6,"s:97:21:97:Infinity":13,"s:98:21:98:Infinity":14,"b:99:6:107:Infinity:undefined:undefined:undefined:undefined":4,"s:99:6:107:Infinity":15,"s:100:24:102:Infinity":16,"b:101:10:101:58:101:58:101:Infinity":5,"s:103:22:103:Infinity":17,"b:104:8:106:Infinity:undefined:undefined:undefined:undefined":6,"s:104:8:106:Infinity":18,"s:105:10:105:Infinity":19},"fnNames":{}}}
,"/media/naranyala/Data/projects-remote/exba-wasm-web-starter/src/components/widgets/code-block.ts": {"path":"/media/naranyala/Data/projects-remote/exba-wasm-web-starter/src/components/widgets/code-block.ts","statementMap":{"0":{"start":{"line":16,"column":17},"end":{"line":23,"column":null}},"1":{"start":{"line":25,"column":18},"end":{"line":38,"column":null}},"2":{"start":{"line":46,"column":31},"end":{"line":46,"column":null}},"3":{"start":{"line":47,"column":30},"end":{"line":47,"column":null}},"4":{"start":{"line":50,"column":18},"end":{"line":53,"column":null}},"5":{"start":{"line":56,"column":4},"end":{"line":59,"column":null}},"6":{"start":{"line":57,"column":6},"end":{"line":57,"column":null}},"7":{"start":{"line":58,"column":6},"end":{"line":58,"column":null}},"8":{"start":{"line":62,"column":4},"end":{"line":65,"column":null}},"9":{"start":{"line":63,"column":6},"end":{"line":63,"column":null}},"10":{"start":{"line":64,"column":6},"end":{"line":64,"column":null}},"11":{"start":{"line":68,"column":4},"end":{"line":71,"column":null}},"12":{"start":{"line":74,"column":4},"end":{"line":77,"column":null}},"13":{"start":{"line":80,"column":4},"end":{"line":80,"column":null}},"14":{"start":{"line":83,"column":4},"end":{"line":86,"column":null}},"15":{"start":{"line":89,"column":4},"end":{"line":91,"column":null}},"16":{"start":{"line":90,"column":6},"end":{"line":90,"column":null}},"17":{"start":{"line":94,"column":4},"end":{"line":96,"column":null}},"18":{"start":{"line":95,"column":6},"end":{"line":95,"column":null}},"19":{"start":{"line":98,"column":4},"end":{"line":98,"column":null}},"20":{"start":{"line":105,"column":17},"end":{"line":105,"column":null}},"21":{"start":{"line":106,"column":4},"end":{"line":115,"column":null}},"22":{"start":{"line":107,"column":6},"end":{"line":107,"column":null}},"23":{"start":{"line":108,"column":18},"end":{"line":108,"column":null}},"24":{"start":{"line":109,"column":6},"end":{"line":112,"column":null}},"25":{"start":{"line":110,"column":8},"end":{"line":110,"column":null}},"26":{"start":{"line":111,"column":8},"end":{"line":111,"column":null}},"27":{"start":{"line":111,"column":26},"end":{"line":111,"column":51}},"28":{"start":{"line":114,"column":6},"end":{"line":114,"column":null}},"29":{"start":{"line":122,"column":17},"end":{"line":122,"column":null}},"30":{"start":{"line":123,"column":17},"end":{"line":123,"column":null}},"31":{"start":{"line":124,"column":18},"end":{"line":124,"column":null}},"32":{"start":{"line":126,"column":4},"end":{"line":135,"column":null}},"33":{"start":{"line":141,"column":4},"end":{"line":141,"column":null}},"34":{"start":{"line":142,"column":4},"end":{"line":147,"column":null}},"35":{"start":{"line":143,"column":21},"end":{"line":143,"column":null}},"36":{"start":{"line":144,"column":6},"end":{"line":146,"column":null}},"37":{"start":{"line":145,"column":8},"end":{"line":145,"column":null}}},"fnMap":{"0":{"name":"highlight","decl":{"start":{"line":45,"column":2},"end":{"line":45,"column":10}},"loc":{"start":{"line":45,"column":42},"end":{"line":99,"column":null}},"line":45},"1":{"name":"(anonymous_1)","decl":{"start":{"line":56,"column":30},"end":{"line":56,"column":44}},"loc":{"start":{"line":56,"column":54},"end":{"line":59,"column":5}},"line":56},"2":{"name":"(anonymous_2)","decl":{"start":{"line":62,"column":30},"end":{"line":62,"column":50}},"loc":{"start":{"line":62,"column":60},"end":{"line":65,"column":5}},"line":62},"3":{"name":"(anonymous_3)","decl":{"start":{"line":89,"column":30},"end":{"line":89,"column":64}},"loc":{"start":{"line":89,"column":77},"end":{"line":91,"column":5}},"line":89},"4":{"name":"(anonymous_4)","decl":{"start":{"line":94,"column":30},"end":{"line":94,"column":65}},"loc":{"start":{"line":94,"column":78},"end":{"line":96,"column":5}},"line":94},"5":{"name":"copy","decl":{"start":{"line":104,"column":16},"end":{"line":104,"column":23}},"loc":{"start":{"line":104,"column":23},"end":{"line":116,"column":null}},"line":104},"6":{"name":"(anonymous_6)","decl":{"start":{"line":111,"column":8},"end":{"line":111,"column":26}},"loc":{"start":{"line":111,"column":26},"end":{"line":111,"column":51}},"line":111},"7":{"name":"render","decl":{"start":{"line":121,"column":2},"end":{"line":121,"column":11}},"loc":{"start":{"line":121,"column":11},"end":{"line":138,"column":null}},"line":121},"8":{"name":"connectedCallback","decl":{"start":{"line":140,"column":2},"end":{"line":140,"column":22}},"loc":{"start":{"line":140,"column":22},"end":{"line":148,"column":null}},"line":140},"9":{"name":"(anonymous_9)","decl":{"start":{"line":142,"column":38},"end":{"line":142,"column":48}},"loc":{"start":{"line":142,"column":54},"end":{"line":147,"column":5}},"line":142}},"branchMap":{"0":{"loc":{"start":{"line":105,"column":17},"end":{"line":105,"column":null}},"type":"binary-expr","locations":[{"start":{"line":105,"column":17},"end":{"line":105,"column":36}},{"start":{"line":105,"column":36},"end":{"line":105,"column":null}}],"line":105},"1":{"loc":{"start":{"line":109,"column":6},"end":{"line":112,"column":null}},"type":"if","locations":[{"start":{"line":109,"column":6},"end":{"line":112,"column":null}},{"start":{},"end":{}}],"line":109},"2":{"loc":{"start":{"line":122,"column":17},"end":{"line":122,"column":null}},"type":"binary-expr","locations":[{"start":{"line":122,"column":17},"end":{"line":122,"column":36}},{"start":{"line":122,"column":36},"end":{"line":122,"column":null}}],"line":122},"3":{"loc":{"start":{"line":123,"column":17},"end":{"line":123,"column":null}},"type":"binary-expr","locations":[{"start":{"line":123,"column":17},"end":{"line":123,"column":40}},{"start":{"line":123,"column":40},"end":{"line":123,"column":null}}],"line":123},"4":{"loc":{"start":{"line":124,"column":18},"end":{"line":124,"column":null}},"type":"binary-expr","locations":[{"start":{"line":124,"column":18},"end":{"line":124,"column":38}},{"start":{"line":124,"column":38},"end":{"line":124,"column":null}}],"line":124},"5":{"loc":{"start":{"line":144,"column":6},"end":{"line":146,"column":null}},"type":"if","locations":[{"start":{"line":144,"column":6},"end":{"line":146,"column":null}},{"start":{},"end":{}}],"line":144},"6":{"loc":{"start":{"line":144,"column":10},"end":{"line":144,"column":67}},"type":"binary-expr","locations":[{"start":{"line":144,"column":10},"end":{"line":144,"column":38}},{"start":{"line":144,"column":38},"end":{"line":144,"column":67}}],"line":144}},"s":{"0":1,"1":1,"2":2,"3":2,"4":2,"5":2,"6":1,"7":1,"8":2,"9":0,"10":0,"11":2,"12":2,"13":2,"14":2,"15":2,"16":0,"17":2,"18":1,"19":2,"20":1,"21":1,"22":1,"23":1,"24":1,"25":1,"26":1,"27":0,"28":0,"29":2,"30":2,"31":2,"32":2,"33":2,"34":2,"35":1,"36":1,"37":1},"f":{"0":2,"1":1,"2":0,"3":0,"4":1,"5":1,"6":0,"7":2,"8":2,"9":1},"b":{"0":[1,0],"1":[1,0],"2":[2,0],"3":[2,0],"4":[2,1],"5":[1,0],"6":[1,0]},"meta":{"lastBranch":7,"lastFunction":10,"lastStatement":38,"seen":{"s:16:17:23:Infinity":0,"s:25:18:38:Infinity":1,"f:45:2:45:10":0,"s:46:31:46:Infinity":2,"s:47:30:47:Infinity":3,"s:50:18:53:Infinity":4,"s:56:4:59:Infinity":5,"f:56:30:56:44":1,"s:57:6:57:Infinity":6,"s:58:6:58:Infinity":7,"s:62:4:65:Infinity":8,"f:62:30:62:50":2,"s:63:6:63:Infinity":9,"s:64:6:64:Infinity":10,"s:68:4:71:Infinity":11,"s:74:4:77:Infinity":12,"s:80:4:80:Infinity":13,"s:83:4:86:Infinity":14,"s:89:4:91:Infinity":15,"f:89:30:89:64":3,"s:90:6:90:Infinity":16,"s:94:4:96:Infinity":17,"f:94:30:94:65":4,"s:95:6:95:Infinity":18,"s:98:4:98:Infinity":19,"f:104:16:104:23":5,"s:105:17:105:Infinity":20,"b:105:17:105:36:105:36:105:Infinity":0,"s:106:4:115:Infinity":21,"s:107:6:107:Infinity":22,"s:108:18:108:Infinity":23,"b:109:6:112:Infinity:undefined:undefined:undefined:undefined":1,"s:109:6:112:Infinity":24,"s:110:8:110:Infinity":25,"s:111:8:111:Infinity":26,"f:111:8:111:26":6,"s:111:26:111:51":27,"s:114:6:114:Infinity":28,"f:121:2:121:11":7,"s:122:17:122:Infinity":29,"b:122:17:122:36:122:36:122:Infinity":2,"s:123:17:123:Infinity":30,"b:123:17:123:40:123:40:123:Infinity":3,"s:124:18:124:Infinity":31,"b:124:18:124:38:124:38:124:Infinity":4,"s:126:4:135:Infinity":32,"f:140:2:140:22":8,"s:141:4:141:Infinity":33,"s:142:4:147:Infinity":34,"f:142:38:142:48":9,"s:143:21:143:Infinity":35,"b:144:6:146:Infinity:undefined:undefined:undefined:undefined":5,"s:144:6:146:Infinity":36,"b:144:10:144:38:144:38:144:67":6,"s:145:8:145:Infinity":37},"fnNames":{}}}
,"/media/naranyala/Data/projects-remote/exba-wasm-web-starter/src/components/widgets/datepicker.ts": {"path":"/media/naranyala/Data/projects-remote/exba-wasm-web-starter/src/components/widgets/datepicker.ts","statementMap":{"0":{"start":{"line":28,"column":21},"end":{"line":28,"column":null}},"1":{"start":{"line":30,"column":18},"end":{"line":53,"column":null}},"2":{"start":{"line":59,"column":18},"end":{"line":59,"column":null}},"3":{"start":{"line":60,"column":4},"end":{"line":64,"column":null}},"4":{"start":{"line":71,"column":16},"end":{"line":71,"column":null}},"5":{"start":{"line":72,"column":15},"end":{"line":72,"column":null}},"6":{"start":{"line":73,"column":4},"end":{"line":76,"column":null}},"7":{"start":{"line":74,"column":6},"end":{"line":74,"column":null}},"8":{"start":{"line":75,"column":6},"end":{"line":75,"column":null}},"9":{"start":{"line":77,"column":4},"end":{"line":77,"column":null}},"10":{"start":{"line":84,"column":16},"end":{"line":84,"column":null}},"11":{"start":{"line":85,"column":15},"end":{"line":85,"column":null}},"12":{"start":{"line":86,"column":4},"end":{"line":89,"column":null}},"13":{"start":{"line":87,"column":6},"end":{"line":87,"column":null}},"14":{"start":{"line":88,"column":6},"end":{"line":88,"column":null}},"15":{"start":{"line":90,"column":4},"end":{"line":90,"column":null}},"16":{"start":{"line":98,"column":4},"end":{"line":98,"column":null}},"17":{"start":{"line":105,"column":18},"end":{"line":105,"column":null}},"18":{"start":{"line":106,"column":4},"end":{"line":110,"column":null}},"19":{"start":{"line":118,"column":14},"end":{"line":118,"column":null}},"20":{"start":{"line":119,"column":4},"end":{"line":119,"column":null}},"21":{"start":{"line":120,"column":4},"end":{"line":124,"column":null}},"22":{"start":{"line":128,"column":17},"end":{"line":128,"column":null}},"23":{"start":{"line":130,"column":6},"end":{"line":132,"column":null}},"24":{"start":{"line":133,"column":21},"end":{"line":133,"column":null}},"25":{"start":{"line":135,"column":21},"end":{"line":135,"column":null}},"26":{"start":{"line":137,"column":23},"end":{"line":150,"column":null}},"27":{"start":{"line":153,"column":26},"end":{"line":153,"column":null}},"28":{"start":{"line":154,"column":20},"end":{"line":154,"column":null}},"29":{"start":{"line":155,"column":24},"end":{"line":155,"column":null}},"30":{"start":{"line":163,"column":28},"end":{"line":163,"column":null}},"31":{"start":{"line":166,"column":4},"end":{"line":173,"column":null}},"32":{"start":{"line":166,"column":17},"end":{"line":166,"column":36}},"33":{"start":{"line":167,"column":16},"end":{"line":167,"column":null}},"34":{"start":{"line":168,"column":16},"end":{"line":168,"column":null}},"35":{"start":{"line":169,"column":16},"end":{"line":169,"column":null}},"36":{"start":{"line":170,"column":12},"end":{"line":170,"column":null}},"37":{"start":{"line":171,"column":17},"end":{"line":171,"column":null}},"38":{"start":{"line":172,"column":6},"end":{"line":172,"column":null}},"39":{"start":{"line":176,"column":4},"end":{"line":180,"column":null}},"40":{"start":{"line":176,"column":17},"end":{"line":176,"column":20}},"41":{"start":{"line":177,"column":12},"end":{"line":177,"column":null}},"42":{"start":{"line":178,"column":17},"end":{"line":178,"column":null}},"43":{"start":{"line":179,"column":6},"end":{"line":179,"column":null}},"44":{"start":{"line":183,"column":23},"end":{"line":183,"column":null}},"45":{"start":{"line":184,"column":26},"end":{"line":184,"column":null}},"46":{"start":{"line":185,"column":4},"end":{"line":191,"column":null}},"47":{"start":{"line":185,"column":17},"end":{"line":185,"column":20}},"48":{"start":{"line":186,"column":16},"end":{"line":186,"column":null}},"49":{"start":{"line":187,"column":16},"end":{"line":187,"column":null}},"50":{"start":{"line":188,"column":12},"end":{"line":188,"column":null}},"51":{"start":{"line":189,"column":17},"end":{"line":189,"column":null}},"52":{"start":{"line":190,"column":6},"end":{"line":190,"column":null}},"53":{"start":{"line":194,"column":24},"end":{"line":194,"column":null}},"54":{"start":{"line":195,"column":4},"end":{"line":208,"column":null}},"55":{"start":{"line":196,"column":20},"end":{"line":196,"column":null}},"56":{"start":{"line":197,"column":16},"end":{"line":201,"column":null}},"57":{"start":{"line":202,"column":6},"end":{"line":207,"column":null}},"58":{"start":{"line":210,"column":21},"end":{"line":210,"column":null}},"59":{"start":{"line":212,"column":4},"end":{"line":265,"column":null}},"60":{"start":{"line":228,"column":37},"end":{"line":228,"column":75}},"61":{"start":{"line":231,"column":32},"end":{"line":231,"column":null}},"62":{"start":{"line":232,"column":35},"end":{"line":232,"column":null}},"63":{"start":{"line":234,"column":34},"end":{"line":234,"column":null}},"64":{"start":{"line":235,"column":16},"end":{"line":239,"column":null}},"65":{"start":{"line":236,"column":18},"end":{"line":236,"column":null}},"66":{"start":{"line":238,"column":18},"end":{"line":238,"column":null}},"67":{"start":{"line":241,"column":16},"end":{"line":243,"column":null}},"68":{"start":{"line":242,"column":18},"end":{"line":242,"column":null}},"69":{"start":{"line":244,"column":16},"end":{"line":246,"column":null}},"70":{"start":{"line":245,"column":18},"end":{"line":245,"column":null}},"71":{"start":{"line":248,"column":16},"end":{"line":250,"column":null}},"72":{"start":{"line":273,"column":4},"end":{"line":273,"column":null}},"73":{"start":{"line":274,"column":4},"end":{"line":274,"column":null}},"74":{"start":{"line":274,"column":51},"end":{"line":274,"column":null}},"75":{"start":{"line":275,"column":4},"end":{"line":275,"column":null}},"76":{"start":{"line":275,"column":51},"end":{"line":275,"column":null}},"77":{"start":{"line":276,"column":4},"end":{"line":277,"column":null}},"78":{"start":{"line":277,"column":6},"end":{"line":277,"column":null}},"79":{"start":{"line":278,"column":4},"end":{"line":278,"column":null}},"80":{"start":{"line":278,"column":52},"end":{"line":278,"column":null}},"81":{"start":{"line":279,"column":4},"end":{"line":280,"column":null}},"82":{"start":{"line":280,"column":6},"end":{"line":280,"column":null}},"83":{"start":{"line":282,"column":4},"end":{"line":313,"column":null}},"84":{"start":{"line":283,"column":21},"end":{"line":283,"column":null}},"85":{"start":{"line":285,"column":21},"end":{"line":285,"column":null}},"86":{"start":{"line":286,"column":6},"end":{"line":291,"column":null}},"87":{"start":{"line":287,"column":23},"end":{"line":287,"column":null}},"88":{"start":{"line":288,"column":8},"end":{"line":288,"column":null}},"89":{"start":{"line":288,"column":31},"end":{"line":288,"column":null}},"90":{"start":{"line":289,"column":8},"end":{"line":289,"column":null}},"91":{"start":{"line":289,"column":31},"end":{"line":289,"column":null}},"92":{"start":{"line":290,"column":8},"end":{"line":290,"column":null}},"93":{"start":{"line":293,"column":23},"end":{"line":293,"column":null}},"94":{"start":{"line":294,"column":6},"end":{"line":297,"column":null}},"95":{"start":{"line":295,"column":8},"end":{"line":295,"column":null}},"96":{"start":{"line":296,"column":8},"end":{"line":296,"column":null}},"97":{"start":{"line":299,"column":24},"end":{"line":299,"column":null}},"98":{"start":{"line":300,"column":6},"end":{"line":304,"column":null}},"99":{"start":{"line":301,"column":23},"end":{"line":301,"column":null}},"100":{"start":{"line":302,"column":8},"end":{"line":302,"column":null}},"101":{"start":{"line":303,"column":8},"end":{"line":303,"column":null}},"102":{"start":{"line":306,"column":19},"end":{"line":306,"column":null}},"103":{"start":{"line":307,"column":6},"end":{"line":312,"column":null}},"104":{"start":{"line":308,"column":24},"end":{"line":308,"column":null}},"105":{"start":{"line":309,"column":8},"end":{"line":311,"column":null}},"106":{"start":{"line":310,"column":10},"end":{"line":310,"column":null}}},"fnMap":{"0":{"name":"onMount","decl":{"start":{"line":58,"column":2},"end":{"line":58,"column":12}},"loc":{"start":{"line":58,"column":22},"end":{"line":65,"column":null}},"line":58},"1":{"name":"prevMonth","decl":{"start":{"line":70,"column":2},"end":{"line":70,"column":10}},"loc":{"start":{"line":70,"column":22},"end":{"line":78,"column":null}},"line":70},"2":{"name":"nextMonth","decl":{"start":{"line":83,"column":2},"end":{"line":83,"column":10}},"loc":{"start":{"line":83,"column":22},"end":{"line":91,"column":null}},"line":83},"3":{"name":"selectDate","decl":{"start":{"line":97,"column":2},"end":{"line":97,"column":10}},"loc":{"start":{"line":97,"column":38},"end":{"line":99,"column":null}},"line":97},"4":{"name":"setToday","decl":{"start":{"line":104,"column":2},"end":{"line":104,"column":10}},"loc":{"start":{"line":104,"column":21},"end":{"line":111,"column":null}},"line":104},"5":{"name":"setPreset","decl":{"start":{"line":117,"column":2},"end":{"line":117,"column":10}},"loc":{"start":{"line":117,"column":40},"end":{"line":125,"column":null}},"line":117},"6":{"name":"render","decl":{"start":{"line":127,"column":2},"end":{"line":127,"column":11}},"loc":{"start":{"line":127,"column":11},"end":{"line":270,"column":null}},"line":127},"7":{"name":"(anonymous_7)","decl":{"start":{"line":228,"column":23},"end":{"line":228,"column":28}},"loc":{"start":{"line":228,"column":37},"end":{"line":228,"column":75}},"line":228},"8":{"name":"(anonymous_8)","decl":{"start":{"line":230,"column":15},"end":{"line":230,"column":20}},"loc":{"start":{"line":230,"column":26},"end":{"line":253,"column":15}},"line":230},"9":{"name":"connectedCallback","decl":{"start":{"line":272,"column":2},"end":{"line":272,"column":22}},"loc":{"start":{"line":272,"column":22},"end":{"line":314,"column":null}},"line":272},"10":{"name":"(anonymous_10)","decl":{"start":{"line":274,"column":20},"end":{"line":274,"column":51}},"loc":{"start":{"line":274,"column":51},"end":{"line":274,"column":null}},"line":274},"11":{"name":"(anonymous_11)","decl":{"start":{"line":275,"column":20},"end":{"line":275,"column":51}},"loc":{"start":{"line":275,"column":51},"end":{"line":275,"column":null}},"line":275},"12":{"name":"(anonymous_12)","decl":{"start":{"line":276,"column":20},"end":{"line":276,"column":48}},"loc":{"start":{"line":277,"column":6},"end":{"line":277,"column":null}},"line":277},"13":{"name":"(anonymous_13)","decl":{"start":{"line":278,"column":20},"end":{"line":278,"column":52}},"loc":{"start":{"line":278,"column":52},"end":{"line":278,"column":null}},"line":278},"14":{"name":"(anonymous_14)","decl":{"start":{"line":279,"column":20},"end":{"line":279,"column":48}},"loc":{"start":{"line":280,"column":6},"end":{"line":280,"column":null}},"line":280},"15":{"name":"(anonymous_15)","decl":{"start":{"line":282,"column":38},"end":{"line":282,"column":48}},"loc":{"start":{"line":282,"column":54},"end":{"line":313,"column":5}},"line":282}},"branchMap":{"0":{"loc":{"start":{"line":73,"column":4},"end":{"line":76,"column":null}},"type":"if","locations":[{"start":{"line":73,"column":4},"end":{"line":76,"column":null}},{"start":{},"end":{}}],"line":73},"1":{"loc":{"start":{"line":86,"column":4},"end":{"line":89,"column":null}},"type":"if","locations":[{"start":{"line":86,"column":4},"end":{"line":89,"column":null}},{"start":{},"end":{}}],"line":86},"2":{"loc":{"start":{"line":128,"column":17},"end":{"line":128,"column":null}},"type":"binary-expr","locations":[{"start":{"line":128,"column":17},"end":{"line":128,"column":43}},{"start":{"line":128,"column":43},"end":{"line":128,"column":null}}],"line":128},"3":{"loc":{"start":{"line":130,"column":6},"end":{"line":132,"column":null}},"type":"cond-expr","locations":[{"start":{"line":131,"column":10},"end":{"line":131,"column":null}},{"start":{"line":132,"column":10},"end":{"line":132,"column":null}}],"line":130},"4":{"loc":{"start":{"line":133,"column":21},"end":{"line":133,"column":null}},"type":"binary-expr","locations":[{"start":{"line":133,"column":21},"end":{"line":133,"column":48}},{"start":{"line":133,"column":48},"end":{"line":133,"column":null}}],"line":133},"5":{"loc":{"start":{"line":168,"column":16},"end":{"line":168,"column":null}},"type":"cond-expr","locations":[{"start":{"line":168,"column":30},"end":{"line":168,"column":35}},{"start":{"line":168,"column":35},"end":{"line":168,"column":null}}],"line":168},"6":{"loc":{"start":{"line":169,"column":16},"end":{"line":169,"column":null}},"type":"cond-expr","locations":[{"start":{"line":169,"column":30},"end":{"line":169,"column":41}},{"start":{"line":169,"column":41},"end":{"line":169,"column":null}}],"line":169},"7":{"loc":{"start":{"line":186,"column":16},"end":{"line":186,"column":null}},"type":"cond-expr","locations":[{"start":{"line":186,"column":31},"end":{"line":186,"column":35}},{"start":{"line":186,"column":35},"end":{"line":186,"column":null}}],"line":186},"8":{"loc":{"start":{"line":187,"column":16},"end":{"line":187,"column":null}},"type":"cond-expr","locations":[{"start":{"line":187,"column":31},"end":{"line":187,"column":42}},{"start":{"line":187,"column":42},"end":{"line":187,"column":null}}],"line":187},"9":{"loc":{"start":{"line":195,"column":4},"end":{"line":208,"column":null}},"type":"if","locations":[{"start":{"line":195,"column":4},"end":{"line":208,"column":null}},{"start":{},"end":{}}],"line":195},"10":{"loc":{"start":{"line":235,"column":16},"end":{"line":239,"column":null}},"type":"if","locations":[{"start":{"line":235,"column":16},"end":{"line":239,"column":null}},{"start":{"line":237,"column":23},"end":{"line":239,"column":null}}],"line":235},"11":{"loc":{"start":{"line":241,"column":16},"end":{"line":243,"column":null}},"type":"if","locations":[{"start":{"line":241,"column":16},"end":{"line":243,"column":null}},{"start":{},"end":{}}],"line":241},"12":{"loc":{"start":{"line":244,"column":16},"end":{"line":246,"column":null}},"type":"if","locations":[{"start":{"line":244,"column":16},"end":{"line":246,"column":null}},{"start":{},"end":{}}],"line":244},"13":{"loc":{"start":{"line":286,"column":6},"end":{"line":291,"column":null}},"type":"if","locations":[{"start":{"line":286,"column":6},"end":{"line":291,"column":null}},{"start":{},"end":{}}],"line":286},"14":{"loc":{"start":{"line":288,"column":8},"end":{"line":288,"column":null}},"type":"if","locations":[{"start":{"line":288,"column":8},"end":{"line":288,"column":null}},{"start":{},"end":{}}],"line":288},"15":{"loc":{"start":{"line":289,"column":8},"end":{"line":289,"column":null}},"type":"if","locations":[{"start":{"line":289,"column":8},"end":{"line":289,"column":null}},{"start":{},"end":{}}],"line":289},"16":{"loc":{"start":{"line":294,"column":6},"end":{"line":297,"column":null}},"type":"if","locations":[{"start":{"line":294,"column":6},"end":{"line":297,"column":null}},{"start":{},"end":{}}],"line":294},"17":{"loc":{"start":{"line":300,"column":6},"end":{"line":304,"column":null}},"type":"if","locations":[{"start":{"line":300,"column":6},"end":{"line":304,"column":null}},{"start":{},"end":{}}],"line":300},"18":{"loc":{"start":{"line":307,"column":6},"end":{"line":312,"column":null}},"type":"if","locations":[{"start":{"line":307,"column":6},"end":{"line":312,"column":null}},{"start":{},"end":{}}],"line":307},"19":{"loc":{"start":{"line":309,"column":8},"end":{"line":311,"column":null}},"type":"if","locations":[{"start":{"line":309,"column":8},"end":{"line":311,"column":null}},{"start":{},"end":{}}],"line":309}},"s":{"0":1,"1":1,"2":3,"3":3,"4":1,"5":1,"6":1,"7":0,"8":0,"9":1,"10":1,"11":1,"12":1,"13":0,"14":0,"15":1,"16":1,"17":0,"18":0,"19":1,"20":1,"21":1,"22":9,"23":9,"24":9,"25":9,"26":9,"27":9,"28":9,"29":9,"30":9,"31":9,"32":9,"33":13,"34":13,"35":13,"36":13,"37":13,"38":13,"39":9,"40":9,"41":271,"42":271,"43":271,"44":9,"45":9,"46":9,"47":9,"48":94,"49":94,"50":94,"51":94,"52":94,"53":9,"54":9,"55":6,"56":6,"57":6,"58":9,"59":9,"60":63,"61":378,"62":378,"63":378,"64":378,"65":271,"66":107,"67":378,"68":8,"69":378,"70":5,"71":378,"72":3,"73":3,"74":0,"75":3,"76":0,"77":3,"78":0,"79":3,"80":0,"81":3,"82":0,"83":3,"84":4,"85":4,"86":4,"87":2,"88":2,"89":1,"90":2,"91":1,"92":2,"93":2,"94":2,"95":0,"96":0,"97":2,"98":2,"99":1,"100":1,"101":1,"102":1,"103":1,"104":1,"105":1,"106":1},"f":{"0":3,"1":1,"2":1,"3":1,"4":0,"5":1,"6":9,"7":63,"8":378,"9":3,"10":0,"11":0,"12":0,"13":0,"14":0,"15":4},"b":{"0":[0,1],"1":[0,1],"2":[9,3],"3":[6,3],"4":[9,3],"5":[0,13],"6":[0,13],"7":[0,94],"8":[0,94],"9":[6,3],"10":[271,107],"11":[8,370],"12":[5,373],"13":[2,2],"14":[1,1],"15":[1,1],"16":[0,2],"17":[1,1],"18":[1,0],"19":[1,0]},"meta":{"lastBranch":20,"lastFunction":16,"lastStatement":107,"seen":{"s:28:21:28:Infinity":0,"s:30:18:53:Infinity":1,"f:58:2:58:12":0,"s:59:18:59:Infinity":2,"s:60:4:64:Infinity":3,"f:70:2:70:10":1,"s:71:16:71:Infinity":4,"s:72:15:72:Infinity":5,"b:73:4:76:Infinity:undefined:undefined:undefined:undefined":0,"s:73:4:76:Infinity":6,"s:74:6:74:Infinity":7,"s:75:6:75:Infinity":8,"s:77:4:77:Infinity":9,"f:83:2:83:10":2,"s:84:16:84:Infinity":10,"s:85:15:85:Infinity":11,"b:86:4:89:Infinity:undefined:undefined:undefined:undefined":1,"s:86:4:89:Infinity":12,"s:87:6:87:Infinity":13,"s:88:6:88:Infinity":14,"s:90:4:90:Infinity":15,"f:97:2:97:10":3,"s:98:4:98:Infinity":16,"f:104:2:104:10":4,"s:105:18:105:Infinity":17,"s:106:4:110:Infinity":18,"f:117:2:117:10":5,"s:118:14:118:Infinity":19,"s:119:4:119:Infinity":20,"s:120:4:124:Infinity":21,"f:127:2:127:11":6,"s:128:17:128:Infinity":22,"b:128:17:128:43:128:43:128:Infinity":2,"s:130:6:132:Infinity":23,"b:131:10:131:Infinity:132:10:132:Infinity":3,"s:133:21:133:Infinity":24,"b:133:21:133:48:133:48:133:Infinity":4,"s:135:21:135:Infinity":25,"s:137:23:150:Infinity":26,"s:153:26:153:Infinity":27,"s:154:20:154:Infinity":28,"s:155:24:155:Infinity":29,"s:163:28:163:Infinity":30,"s:166:4:173:Infinity":31,"s:166:17:166:36":32,"s:167:16:167:Infinity":33,"s:168:16:168:Infinity":34,"b:168:30:168:35:168:35:168:Infinity":5,"s:169:16:169:Infinity":35,"b:169:30:169:41:169:41:169:Infinity":6,"s:170:12:170:Infinity":36,"s:171:17:171:Infinity":37,"s:172:6:172:Infinity":38,"s:176:4:180:Infinity":39,"s:176:17:176:20":40,"s:177:12:177:Infinity":41,"s:178:17:178:Infinity":42,"s:179:6:179:Infinity":43,"s:183:23:183:Infinity":44,"s:184:26:184:Infinity":45,"s:185:4:191:Infinity":46,"s:185:17:185:20":47,"s:186:16:186:Infinity":48,"b:186:31:186:35:186:35:186:Infinity":7,"s:187:16:187:Infinity":49,"b:187:31:187:42:187:42:187:Infinity":8,"s:188:12:188:Infinity":50,"s:189:17:189:Infinity":51,"s:190:6:190:Infinity":52,"s:194:24:194:Infinity":53,"b:195:4:208:Infinity:undefined:undefined:undefined:undefined":9,"s:195:4:208:Infinity":54,"s:196:20:196:Infinity":55,"s:197:16:201:Infinity":56,"s:202:6:207:Infinity":57,"s:210:21:210:Infinity":58,"s:212:4:265:Infinity":59,"f:228:23:228:28":7,"s:228:37:228:75":60,"f:230:15:230:20":8,"s:231:32:231:Infinity":61,"s:232:35:232:Infinity":62,"s:234:34:234:Infinity":63,"b:235:16:239:Infinity:237:23:239:Infinity":10,"s:235:16:239:Infinity":64,"s:236:18:236:Infinity":65,"s:238:18:238:Infinity":66,"b:241:16:243:Infinity:undefined:undefined:undefined:undefined":11,"s:241:16:243:Infinity":67,"s:242:18:242:Infinity":68,"b:244:16:246:Infinity:undefined:undefined:undefined:undefined":12,"s:244:16:246:Infinity":69,"s:245:18:245:Infinity":70,"s:248:16:250:Infinity":71,"f:272:2:272:22":9,"s:273:4:273:Infinity":72,"s:274:4:274:Infinity":73,"f:274:20:274:51":10,"s:274:51:274:Infinity":74,"s:275:4:275:Infinity":75,"f:275:20:275:51":11,"s:275:51:275:Infinity":76,"s:276:4:277:Infinity":77,"f:276:20:276:48":12,"s:277:6:277:Infinity":78,"s:278:4:278:Infinity":79,"f:278:20:278:52":13,"s:278:52:278:Infinity":80,"s:279:4:280:Infinity":81,"f:279:20:279:48":14,"s:280:6:280:Infinity":82,"s:282:4:313:Infinity":83,"f:282:38:282:48":15,"s:283:21:283:Infinity":84,"s:285:21:285:Infinity":85,"b:286:6:291:Infinity:undefined:undefined:undefined:undefined":13,"s:286:6:291:Infinity":86,"s:287:23:287:Infinity":87,"b:288:8:288:Infinity:undefined:undefined:undefined:undefined":14,"s:288:8:288:Infinity":88,"s:288:31:288:Infinity":89,"b:289:8:289:Infinity:undefined:undefined:undefined:undefined":15,"s:289:8:289:Infinity":90,"s:289:31:289:Infinity":91,"s:290:8:290:Infinity":92,"s:293:23:293:Infinity":93,"b:294:6:297:Infinity:undefined:undefined:undefined:undefined":16,"s:294:6:297:Infinity":94,"s:295:8:295:Infinity":95,"s:296:8:296:Infinity":96,"s:299:24:299:Infinity":97,"b:300:6:304:Infinity:undefined:undefined:undefined:undefined":17,"s:300:6:304:Infinity":98,"s:301:23:301:Infinity":99,"s:302:8:302:Infinity":100,"s:303:8:303:Infinity":101,"s:306:19:306:Infinity":102,"b:307:6:312:Infinity:undefined:undefined:undefined:undefined":18,"s:307:6:312:Infinity":103,"s:308:24:308:Infinity":104,"b:309:8:311:Infinity:undefined:undefined:undefined:undefined":19,"s:309:8:311:Infinity":105,"s:310:10:310:Infinity":106},"fnNames":{}}}
,"/media/naranyala/Data/projects-remote/exba-wasm-web-starter/src/components/widgets/drawer.ts": {"path":"/media/naranyala/Data/projects-remote/exba-wasm-web-starter/src/components/widgets/drawer.ts","statementMap":{"0":{"start":{"line":13,"column":21},"end":{"line":13,"column":null}},"1":{"start":{"line":15,"column":18},"end":{"line":29,"column":null}},"2":{"start":{"line":35,"column":4},"end":{"line":35,"column":null}},"3":{"start":{"line":40,"column":4},"end":{"line":40,"column":null}},"4":{"start":{"line":44,"column":4},"end":{"line":44,"column":null}},"5":{"start":{"line":51,"column":19},"end":{"line":51,"column":null}},"6":{"start":{"line":53,"column":4},"end":{"line":59,"column":null}},"7":{"start":{"line":72,"column":4},"end":{"line":72,"column":null}},"8":{"start":{"line":73,"column":4},"end":{"line":73,"column":null}},"9":{"start":{"line":73,"column":39},"end":{"line":73,"column":null}},"10":{"start":{"line":74,"column":4},"end":{"line":74,"column":null}},"11":{"start":{"line":74,"column":40},"end":{"line":74,"column":null}},"12":{"start":{"line":76,"column":4},"end":{"line":83,"column":null}},"13":{"start":{"line":77,"column":21},"end":{"line":77,"column":null}},"14":{"start":{"line":78,"column":6},"end":{"line":82,"column":null}},"15":{"start":{"line":79,"column":8},"end":{"line":79,"column":null}},"16":{"start":{"line":80,"column":13},"end":{"line":82,"column":null}},"17":{"start":{"line":81,"column":8},"end":{"line":81,"column":null}}},"fnMap":{"0":{"name":"onMount","decl":{"start":{"line":34,"column":2},"end":{"line":34,"column":12}},"loc":{"start":{"line":34,"column":22},"end":{"line":36,"column":null}},"line":34},"1":{"name":"open","decl":{"start":{"line":39,"column":2},"end":{"line":39,"column":10}},"loc":{"start":{"line":39,"column":17},"end":{"line":41,"column":null}},"line":39},"2":{"name":"close","decl":{"start":{"line":43,"column":2},"end":{"line":43,"column":10}},"loc":{"start":{"line":43,"column":18},"end":{"line":45,"column":null}},"line":43},"3":{"name":"render","decl":{"start":{"line":50,"column":2},"end":{"line":50,"column":11}},"loc":{"start":{"line":50,"column":11},"end":{"line":69,"column":null}},"line":50},"4":{"name":"connectedCallback","decl":{"start":{"line":71,"column":2},"end":{"line":71,"column":22}},"loc":{"start":{"line":71,"column":22},"end":{"line":84,"column":null}},"line":71},"5":{"name":"(anonymous_5)","decl":{"start":{"line":73,"column":20},"end":{"line":73,"column":39}},"loc":{"start":{"line":73,"column":39},"end":{"line":73,"column":null}},"line":73},"6":{"name":"(anonymous_6)","decl":{"start":{"line":74,"column":20},"end":{"line":74,"column":40}},"loc":{"start":{"line":74,"column":40},"end":{"line":74,"column":null}},"line":74},"7":{"name":"(anonymous_7)","decl":{"start":{"line":76,"column":38},"end":{"line":76,"column":48}},"loc":{"start":{"line":76,"column":54},"end":{"line":83,"column":5}},"line":76}},"branchMap":{"0":{"loc":{"start":{"line":57,"column":31},"end":{"line":57,"column":63}},"type":"cond-expr","locations":[{"start":{"line":57,"column":40},"end":{"line":57,"column":60}},{"start":{"line":57,"column":60},"end":{"line":57,"column":63}}],"line":57},"1":{"loc":{"start":{"line":59,"column":29},"end":{"line":59,"column":59}},"type":"cond-expr","locations":[{"start":{"line":59,"column":38},"end":{"line":59,"column":56}},{"start":{"line":59,"column":56},"end":{"line":59,"column":59}}],"line":59},"2":{"loc":{"start":{"line":78,"column":6},"end":{"line":82,"column":null}},"type":"if","locations":[{"start":{"line":78,"column":6},"end":{"line":82,"column":null}},{"start":{"line":80,"column":13},"end":{"line":82,"column":null}}],"line":78},"3":{"loc":{"start":{"line":80,"column":13},"end":{"line":82,"column":null}},"type":"if","locations":[{"start":{"line":80,"column":13},"end":{"line":82,"column":null}},{"start":{},"end":{}}],"line":80},"4":{"loc":{"start":{"line":80,"column":17},"end":{"line":80,"column":77}},"type":"binary-expr","locations":[{"start":{"line":80,"column":17},"end":{"line":80,"column":48}},{"start":{"line":80,"column":48},"end":{"line":80,"column":77}}],"line":80}},"s":{"0":1,"1":1,"2":1,"3":1,"4":1,"5":4,"6":4,"7":1,"8":1,"9":0,"10":1,"11":0,"12":1,"13":2,"14":2,"15":1,"16":1,"17":1},"f":{"0":1,"1":1,"2":1,"3":4,"4":1,"5":0,"6":0,"7":2},"b":{"0":[1,3],"1":[1,3],"2":[1,1],"3":[1,0],"4":[1,1]},"meta":{"lastBranch":5,"lastFunction":8,"lastStatement":18,"seen":{"s:13:21:13:Infinity":0,"s:15:18:29:Infinity":1,"f:34:2:34:12":0,"s:35:4:35:Infinity":2,"f:39:2:39:10":1,"s:40:4:40:Infinity":3,"f:43:2:43:10":2,"s:44:4:44:Infinity":4,"f:50:2:50:11":3,"s:51:19:51:Infinity":5,"s:53:4:59:Infinity":6,"b:57:40:57:60:57:60:57:63":0,"b:59:38:59:56:59:56:59:59":1,"f:71:2:71:22":4,"s:72:4:72:Infinity":7,"s:73:4:73:Infinity":8,"f:73:20:73:39":5,"s:73:39:73:Infinity":9,"s:74:4:74:Infinity":10,"f:74:20:74:40":6,"s:74:40:74:Infinity":11,"s:76:4:83:Infinity":12,"f:76:38:76:48":7,"s:77:21:77:Infinity":13,"b:78:6:82:Infinity:80:13:82:Infinity":2,"s:78:6:82:Infinity":14,"s:79:8:79:Infinity":15,"b:80:13:82:Infinity:undefined:undefined:undefined:undefined":3,"s:80:13:82:Infinity":16,"b:80:17:80:48:80:48:80:77":4,"s:81:8:81:Infinity":17},"fnNames":{}}}
,"/media/naranyala/Data/projects-remote/exba-wasm-web-starter/src/components/widgets/index.ts": {"path":"/media/naranyala/Data/projects-remote/exba-wasm-web-starter/src/components/widgets/index.ts","statementMap":{"0":{"start":{"line":13,"column":2},"end":{"line":13,"column":null}},"1":{"start":{"line":14,"column":2},"end":{"line":14,"column":null}},"2":{"start":{"line":15,"column":2},"end":{"line":15,"column":null}},"3":{"start":{"line":16,"column":2},"end":{"line":16,"column":null}},"4":{"start":{"line":17,"column":2},"end":{"line":17,"column":null}},"5":{"start":{"line":18,"column":2},"end":{"line":18,"column":null}}},"fnMap":{"0":{"name":"registerWidgets","decl":{"start":{"line":12,"column":16},"end":{"line":12,"column":34}},"loc":{"start":{"line":12,"column":34},"end":{"line":19,"column":null}},"line":12}},"branchMap":{},"s":{"0":1,"1":1,"2":1,"3":1,"4":1,"5":1},"f":{"0":1},"b":{},"meta":{"lastBranch":0,"lastFunction":1,"lastStatement":6,"seen":{"f:12:16:12:34":0,"s:13:2:13:Infinity":0,"s:14:2:14:Infinity":1,"s:15:2:15:Infinity":2,"s:16:2:16:Infinity":3,"s:17:2:17:Infinity":4,"s:18:2:18:Infinity":5},"fnNames":{}}}
[...]
,"/media/naranyala/Data/projects-remote/exba-wasm-web-starter/src/core/routing/router.ts": {"path":"/media/naranyala/Data/projects-remote/exba-wasm-web-starter/src/core/routing/router.ts","statementMap":{"0":{"start":{"line":21,"column":39},"end":{"line":21,"column":null}},"1":{"start":{"line":22,"column":32},"end":{"line":22,"column":null}},"2":{"start":{"line":30,"column":4},"end":{"line":30,"column":null}},"3":{"start":{"line":38,"column":4},"end":{"line":38,"column":null}},"4":{"start":{"line":47,"column":4},"end":{"line":47,"column":null}},"5":{"start":{"line":48,"column":18},"end":{"line":48,"column":null}},"6":{"start":{"line":50,"column":4},"end":{"line":53,"column":null}},"7":{"start":{"line":51,"column":6},"end":{"line":51,"column":null}},"8":{"start":{"line":52,"column":6},"end":{"line":52,"column":null}},"9":{"start":{"line":56,"column":4},"end":{"line":56,"column":null}},"10":{"start":{"line":57,"column":15},"end":{"line":57,"column":null}},"11":{"start":{"line":60,"column":18},"end":{"line":60,"column":null}},"12":{"start":{"line":61,"column":4},"end":{"line":66,"column":null}},"13":{"start":{"line":62,"column":6},"end":{"line":65,"column":null}},"14":{"start":{"line":68,"column":4},"end":{"line":68,"column":null}},"15":{"start":{"line":71,"column":4},"end":{"line":71,"column":null}},"16":{"start":{"line":79,"column":4},"end":{"line":79,"column":null}}},"fnMap":{"0":{"name":"constructor","decl":{"start":{"line":29,"column":2},"end":{"line":29,"column":14}},"loc":{"start":{"line":29,"column":35},"end":{"line":31,"column":null}},"line":29},"1":{"name":"register","decl":{"start":{"line":37,"column":2},"end":{"line":37,"column":11}},"loc":{"start":{"line":37,"column":25},"end":{"line":39,"column":null}},"line":37},"2":{"name":"navigate","decl":{"start":{"line":46,"column":8},"end":{"line":46,"column":17}},"loc":{"start":{"line":46,"column":61},"end":{"line":72,"column":null}},"line":46},"3":{"name":"getCurrentPath","decl":{"start":{"line":78,"column":2},"end":{"line":78,"column":19}},"loc":{"start":{"line":78,"column":19},"end":{"line":80,"column":null}},"line":78}},"branchMap":{"0":{"loc":{"start":{"line":50,"column":4},"end":{"line":53,"column":null}},"type":"if","locations":[{"start":{"line":50,"column":4},"end":{"line":53,"column":null}},{"start":{},"end":{}}],"line":50},"1":{"loc":{"start":{"line":64,"column":8},"end":{"line":64,"column":null}},"type":"cond-expr","locations":[{"start":{"line":64,"column":36},"end":{"line":64,"column":60}},{"start":{"line":64,"column":60},"end":{"line":64,"column":null}}],"line":64}},"s":{"0":2,"1":2,"2":2,"3":3,"4":2,"5":2,"6":2,"7":0,"8":0,"9":2,"10":2,"11":2,"12":2,"13":0,"14":2,"15":2,"16":0},"f":{"0":2,"1":3,"2":2,"3":0},"b":{"0":[0,2],"1":[0,0]},"meta":{"lastBranch":2,"lastFunction":4,"lastStatement":17,"seen":{"s:21:39:21:Infinity":0,"s:22:32:22:Infinity":1,"f:29:2:29:14":0,"s:30:4:30:Infinity":2,"f:37:2:37:11":1,"s:38:4:38:Infinity":3,"f:46:8:46:17":2,"s:47:4:47:Infinity":4,"s:48:18:48:Infinity":5,"b:50:4:53:Infinity:undefined:undefined:undefined:undefined":0,"s:50:4:53:Infinity":6,"s:51:6:51:Infinity":7,"s:52:6:52:Infinity":8,"s:56:4:56:Infinity":9,"s:57:15:57:Infinity":10,"s:60:18:60:Infinity":11,"s:61:4:66:Infinity":12,"s:62:6:65:Infinity":13,"b:64:36:64:60:64:60:64:Infinity":1,"s:68:4:68:Infinity":14,"s:71:4:71:Infinity":15,"f:78:2:78:19":3,"s:79:4:79:Infinity":16},"fnNames":{}}}
,"/media/naranyala/Data/projects-remote/exba-wasm-web-starter/src/core/wasm/registry.ts": {"path":"/media/naranyala/Data/projects-remote/exba-wasm-web-starter/src/core/wasm/registry.ts","statementMap":{"0":{"start":{"line":17,"column":20},"end":{"line":17,"column":null}},"1":{"start":{"line":23,"column":4},"end":{"line":23,"column":null}},"2":{"start":{"line":24,"column":4},"end":{"line":24,"column":null}},"3":{"start":{"line":31,"column":19},"end":{"line":31,"column":null}},"4":{"start":{"line":32,"column":4},"end":{"line":34,"column":null}},"5":{"start":{"line":33,"column":6},"end":{"line":33,"column":null}},"6":{"start":{"line":35,"column":4},"end":{"line":35,"column":null}},"7":{"start":{"line":42,"column":25},"end":{"line":44,"column":null}},"8":{"start":{"line":43,"column":19},"end":{"line":43,"column":25}},"9":{"start":{"line":44,"column":16},"end":{"line":44,"column":25}},"10":{"start":{"line":45,"column":4},"end":{"line":45,"column":null}},"11":{"start":{"line":52,"column":28},"end":{"line":54,"column":null}},"12":{"start":{"line":53,"column":19},"end":{"line":53,"column":28}},"13":{"start":{"line":54,"column":16},"end":{"line":54,"column":28}},"14":{"start":{"line":55,"column":4},"end":{"line":55,"column":null}},"15":{"start":{"line":59,"column":23},"end":{"line":59,"column":null}}},"fnMap":{"0":{"name":"register","decl":{"start":{"line":22,"column":2},"end":{"line":22,"column":33}},"loc":{"start":{"line":22,"column":47},"end":{"line":25,"column":null}},"line":22},"1":{"name":"get","decl":{"start":{"line":30,"column":2},"end":{"line":30,"column":28}},"loc":{"start":{"line":30,"column":45},"end":{"line":36,"column":null}},"line":30},"2":{"name":"initAll","decl":{"start":{"line":41,"column":8},"end":{"line":41,"column":18}},"loc":{"start":{"line":41,"column":18},"end":{"line":46,"column":null}},"line":41},"3":{"name":"(anonymous_3)","decl":{"start":{"line":43,"column":7},"end":{"line":43,"column":14}},"loc":{"start":{"line":43,"column":19},"end":{"line":43,"column":25}},"line":43},"4":{"name":"(anonymous_4)","decl":{"start":{"line":44,"column":7},"end":{"line":44,"column":11}},"loc":{"start":{"line":44,"column":16},"end":{"line":44,"column":25}},"line":44},"5":{"name":"disposeAll","decl":{"start":{"line":51,"column":8},"end":{"line":51,"column":21}},"loc":{"start":{"line":51,"column":21},"end":{"line":56,"column":null}},"line":51},"6":{"name":"(anonymous_6)","decl":{"start":{"line":53,"column":7},"end":{"line":53,"column":14}},"loc":{"start":{"line":53,"column":19},"end":{"line":53,"column":28}},"line":53},"7":{"name":"(anonymous_7)","decl":{"start":{"line":54,"column":7},"end":{"line":54,"column":11}},"loc":{"start":{"line":54,"column":16},"end":{"line":54,"column":28}},"line":54}},"branchMap":{"0":{"loc":{"start":{"line":32,"column":4},"end":{"line":34,"column":null}},"type":"if","locations":[{"start":{"line":32,"column":4},"end":{"line":34,"column":null}},{"start":{},"end":{}}],"line":32}},"s":{"0":1,"1":0,"2":0,"3":0,"4":0,"5":0,"6":0,"7":1,"8":0,"9":0,"10":1,"11":0,"12":0,"13":0,"14":0,"15":1},"f":{"0":0,"1":0,"2":1,"3":0,"4":0,"5":0,"6":0,"7":0},"b":{"0":[0,0]},"meta":{"lastBranch":1,"lastFunction":8,"lastStatement":16,"seen":{"s:17:20:17:Infinity":0,"f:22:2:22:33":0,"s:23:4:23:Infinity":1,"s:24:4:24:Infinity":2,"f:30:2:30:28":1,"s:31:19:31:Infinity":3,"b:32:4:34:Infinity:undefined:undefined:undefined:undefined":0,"s:32:4:34:Infinity":4,"s:33:6:33:Infinity":5,"s:35:4:35:Infinity":6,"f:41:8:41:18":2,"s:42:25:44:Infinity":7,"f:43:7:43:14":3,"s:43:19:43:25":8,"f:44:7:44:11":4,"s:44:16:44:25":9,"s:45:4:45:Infinity":10,"f:51:8:51:21":5,"s:52:28:54:Infinity":11,"f:53:7:53:14":6,"s:53:19:53:28":12,"f:54:7:54:11":7,"s:54:16:54:28":13,"s:55:4:55:Infinity":14,"s:59:23:59:Infinity":15},"fnNames":{}}}
,"/media/naranyala/Data/projects-remote/exba-wasm-web-starter/src/shell/constants.ts": {"path":"/media/naranyala/Data/projects-remote/exba-wasm-web-starter/src/shell/constants.ts","statementMap":{"0":{"start":{"line":4,"column":31},"end":{"line":233,"column":null}},"1":{"start":{"line":239,"column":26},"end":{"line":239,"column":null}},"2":{"start":{"line":239,"column":57},"end":{"line":239,"column":64}},"3":{"start":{"line":245,"column":29},"end":{"line":261,"column":null}}},"fnMap":{"0":{"name":"(anonymous_0)","decl":{"start":{"line":239,"column":42},"end":{"line":239,"column":51}},"loc":{"start":{"line":239,"column":57},"end":{"line":239,"column":64}},"line":239}},"branchMap":{},"s":{"0":1,"1":1,"2":3,"3":1},"f":{"0":3},"b":{},"meta":{"lastBranch":0,"lastFunction":1,"lastStatement":4,"seen":{"s:4:31:233:Infinity":0,"s:239:26:239:Infinity":1,"f:239:42:239:51":0,"s:239:57:239:64":2,"s:245:29:261:Infinity":3},"fnNames":{}}}
,"/media/naranyala/Data/projects-remote/exba-wasm-web-starter/src/shell/utils.ts": {"path":"/media/naranyala/Data/projects-remote/exba-wasm-web-starter/src/shell/utils.ts","statementMap":{"0":{"start":{"line":10,"column":13},"end":{"line":10,"column":null}},"1":{"start":{"line":11,"column":2},"end":{"line":17,"column":null}},"2":{"start":{"line":12,"column":4},"end":{"line":14,"column":null}},"3":{"start":{"line":16,"column":4},"end":{"line":16,"column":null}},"4":{"start":{"line":31,"column":12},"end":{"line":31,"column":null}},"5":{"start":{"line":32,"column":2},"end":{"line":42,"column":null}},"6":{"start":{"line":33,"column":18},"end":{"line":33,"column":null}},"7":{"start":{"line":34,"column":4},"end":{"line":34,"column":null}},"8":{"start":{"line":34,"column":27},"end":{"line":34,"column":null}},"9":{"start":{"line":35,"column":12},"end":{"line":35,"column":null}},"10":{"start":{"line":36,"column":10},"end":{"line":36,"column":null}},"11":{"start":{"line":37,"column":4},"end":{"line":40,"column":null}},"12":{"start":{"line":38,"column":6},"end":{"line":38,"column":null}},"13":{"start":{"line":38,"column":29},"end":{"line":38,"column":null}},"14":{"start":{"line":39,"column":6},"end":{"line":39,"column":null}},"15":{"start":{"line":41,"column":4},"end":{"line":41,"column":null}},"16":{"start":{"line":51,"column":18},"end":{"line":51,"column":null}},"17":{"start":{"line":52,"column":16},"end":{"line":52,"column":null}},"18":{"start":{"line":53,"column":2},"end":{"line":57,"column":null}},"19":{"start":{"line":54,"column":21},"end":{"line":54,"column":null}},"20":{"start":{"line":55,"column":4},"end":{"line":55,"column":null}},"21":{"start":{"line":56,"column":4},"end":{"line":56,"column":null}}},"fnMap":{"0":{"name":"updateResult","decl":{"start":{"line":9,"column":16},"end":{"line":9,"column":29}},"loc":{"start":{"line":9,"column":58},"end":{"line":18,"column":null}},"line":9},"1":{"name":"fuzzySearch","decl":{"start":{"line":27,"column":16},"end":{"line":27,"column":null}},"loc":{"start":{"line":30,"column":7},"end":{"line":43,"column":null}},"line":30},"2":{"name":"(anonymous_2)","decl":{"start":{"line":32,"column":15},"end":{"line":32,"column":23}},"loc":{"start":{"line":32,"column":32},"end":{"line":42,"column":3}},"line":32},"3":{"name":"toggleSection","decl":{"start":{"line":50,"column":16},"end":{"line":50,"column":30}},"loc":{"start":{"line":50,"column":42},"end":{"line":58,"column":null}},"line":50}},"branchMap":{"0":{"loc":{"start":{"line":11,"column":2},"end":{"line":17,"column":null}},"type":"if","locations":[{"start":{"line":11,"column":2},"end":{"line":17,"column":null}},{"start":{},"end":{}}],"line":11},"1":{"loc":{"start":{"line":14,"column":8},"end":{"line":14,"column":null}},"type":"cond-expr","locations":[{"start":{"line":14,"column":15},"end":{"line":14,"column":67}},{"start":{"line":14,"column":67},"end":{"line":14,"column":null}}],"line":14},"2":{"loc":{"start":{"line":34,"column":4},"end":{"line":34,"column":null}},"type":"if","locations":[{"start":{"line":34,"column":4},"end":{"line":34,"column":null}},{"start":{},"end":{}}],"line":34},"3":{"loc":{"start":{"line":37,"column":11},"end":{"line":37,"column":45}},"type":"binary-expr","locations":[{"start":{"line":37,"column":11},"end":{"line":37,"column":27}},{"start":{"line":37,"column":27},"end":{"line":37,"column":45}}],"line":37},"4":{"loc":{"start":{"line":38,"column":6},"end":{"line":38,"column":null}},"type":"if","locations":[{"start":{"line":38,"column":6},"end":{"line":38,"column":null}},{"start":{},"end":{}}],"line":38},"5":{"loc":{"start":{"line":53,"column":2},"end":{"line":57,"column":null}},"type":"if","locations":[{"start":{"line":53,"column":2},"end":{"line":57,"column":null}},{"start":{},"end":{}}],"line":53},"6":{"loc":{"start":{"line":53,"column":6},"end":{"line":53,"column":24}},"type":"binary-expr","locations":[{"start":{"line":53,"column":6},"end":{"line":53,"column":17}},{"start":{"line":53,"column":17},"end":{"line":53,"column":24}}],"line":53},"7":{"loc":{"start":{"line":55,"column":28},"end":{"line":55,"column":null}},"type":"cond-expr","locations":[{"start":{"line":55,"column":39},"end":{"line":55,"column":44}},{"start":{"line":55,"column":44},"end":{"line":55,"column":null}}],"line":55},"8":{"loc":{"start":{"line":56,"column":28},"end":{"line":56,"column":null}},"type":"cond-expr","locations":[{"start":{"line":56,"column":39},"end":{"line":56,"column":44}},{"start":{"line":56,"column":44},"end":{"line":56,"column":null}}],"line":56}},"s":{"0":0,"1":0,"2":0,"3":0,"4":0,"5":0,"6":0,"7":0,"8":0,"9":0,"10":0,"11":0,"12":0,"13":0,"14":0,"15":0,"16":0,"17":0,"18":0,"19":0,"20":0,"21":0},"f":{"0":0,"1":0,"2":0,"3":0},"b":{"0":[0,0],"1":[0,0],"2":[0,0],"3":[0,0],"4":[0,0],"5":[0,0],"6":[0,0],"7":[0,0],"8":[0,0]},"meta":{"lastBranch":9,"lastFunction":4,"lastStatement":22,"seen":{"f:9:16:9:29":0,"s:10:13:10:Infinity":0,"b:11:2:17:Infinity:undefined:undefined:undefined:undefined":0,"s:11:2:17:Infinity":1,"s:12:4:14:Infinity":2,"b:14:15:14:67:14:67:14:Infinity":1,"s:16:4:16:Infinity":3,"f:27:16:27:Infinity":1,"s:31:12:31:Infinity":4,"s:32:2:42:Infinity":5,"f:32:15:32:23":2,"s:33:18:33:Infinity":6,"b:34:4:34:Infinity:undefined:undefined:undefined:undefined":2,"s:34:4:34:Infinity":7,"s:34:27:34:Infinity":8,"s:35:12:35:Infinity":9,"s:36:10:36:Infinity":10,"s:37:4:40:Infinity":11,"b:37:11:37:27:37:27:37:45":3,"b:38:6:38:Infinity:undefined:undefined:undefined:undefined":4,"s:38:6:38:Infinity":12,"s:38:29:38:Infinity":13,"s:39:6:39:Infinity":14,"s:41:4:41:Infinity":15,"f:50:16:50:30":3,"s:51:18:51:Infinity":16,"s:52:16:52:Infinity":17,"b:53:2:57:Infinity:undefined:undefined:undefined:undefined":5,"s:53:2:57:Infinity":18,"b:53:6:53:17:53:17:53:24":6,"s:54:21:54:Infinity":19,"s:55:4:55:Infinity":20,"b:55:39:55:44:55:44:55:Infinity":7,"s:56:4:56:Infinity":21,"b:56:39:56:44:56:44:56:Infinity":8},"fnNames":{}}}
,"/media/naranyala/Data/projects-remote/exba-wasm-web-starter/src/shell/theme/styles.ts": {"path":"/media/naranyala/Data/projects-remote/exba-wasm-web-starter/src/shell/theme/styles.ts","statementMap":{"0":{"start":{"line":4,"column":17},"end":{"line":27,"column":null}},"1":{"start":{"line":29,"column":21},"end":{"line":37,"column":null}},"2":{"start":{"line":39,"column":20},"end":{"line":39,"column":null}},"3":{"start":{"line":42,"column":16},"end":{"line":48,"column":null}},"4":{"start":{"line":55,"column":21},"end":{"line":55,"column":null}},"5":{"start":{"line":61,"column":20},"end":{"line":66,"column":null}},"6":{"start":{"line":69,"column":22},"end":{"line":69,"column":null}},"7":{"start":{"line":80,"column":22},"end":{"line":88,"column":null}},"8":{"start":{"line":92,"column":16},"end":{"line":92,"column":null}},"9":{"start":{"line":96,"column":22},"end":{"line":96,"column":null}},"10":{"start":{"line":100,"column":22},"end":{"line":100,"column":null}},"11":{"start":{"line":108,"column":17},"end":{"line":108,"column":null}},"12":{"start":{"line":121,"column":20},"end":{"line":121,"column":null}},"13":{"start":{"line":132,"column":22},"end":{"line":132,"column":null}},"14":{"start":{"line":139,"column":19},"end":{"line":139,"column":null}},"15":{"start":{"line":146,"column":17},"end":{"line":162,"column":null}},"16":{"start":{"line":166,"column":21},"end":{"line":170,"column":null}},"17":{"start":{"line":175,"column":22},"end":{"line":180,"column":null}},"18":{"start":{"line":185,"column":20},"end":{"line":200,"column":null}},"19":{"start":{"line":205,"column":20},"end":{"line":209,"column":null}},"20":{"start":{"line":212,"column":21},"end":{"line":218,"column":null}},"21":{"start":{"line":222,"column":27},"end":{"line":222,"column":null}},"22":{"start":{"line":227,"column":20},"end":{"line":231,"column":null}},"23":{"start":{"line":234,"column":22},"end":{"line":242,"column":null}},"24":{"start":{"line":246,"column":21},"end":{"line":246,"column":null}},"25":{"start":{"line":255,"column":21},"end":{"line":257,"column":null}},"26":{"start":{"line":261,"column":20},"end":{"line":263,"column":null}},"27":{"start":{"line":266,"column":25},"end":{"line":266,"column":null}},"28":{"start":{"line":273,"column":12},"end":{"line":281,"column":null}},"29":{"start":{"line":284,"column":18},"end":{"line":286,"column":null}},"30":{"start":{"line":289,"column":19},"end":{"line":291,"column":null}},"31":{"start":{"line":294,"column":15},"end":{"line":295,"column":null}},"32":{"start":{"line":299,"column":15},"end":{"line":299,"column":null}},"33":{"start":{"line":305,"column":22},"end":{"line":312,"column":null}},"34":{"start":{"line":315,"column":20},"end":{"line":318,"column":null}},"35":{"start":{"line":321,"column":21},"end":{"line":323,"column":null}},"36":{"start":{"line":327,"column":22},"end":{"line":343,"column":null}},"37":{"start":{"line":347,"column":21},"end":{"line":347,"column":null}},"38":{"start":{"line":356,"column":17},"end":{"line":360,"column":null}},"39":{"start":{"line":364,"column":19},"end":{"line":369,"column":null}},"40":{"start":{"line":375,"column":17},"end":{"line":381,"column":null}},"41":{"start":{"line":385,"column":15},"end":{"line":385,"column":null}},"42":{"start":{"line":389,"column":18},"end":{"line":389,"column":null}},"43":{"start":{"line":394,"column":19},"end":{"line":394,"column":null}},"44":{"start":{"line":398,"column":19},"end":{"line":403,"column":null}},"45":{"start":{"line":408,"column":22},"end":{"line":451,"column":null}}},"fnMap":{},"branchMap":{},"s":{"0":5,"1":5,"2":5,"3":5,"4":5,"5":5,"6":5,"7":5,"8":5,"9":5,"10":5,"11":5,"12":5,"13":5,"14":5,"15":5,"16":5,"17":5,"18":5,"19":5,"20":5,"21":5,"22":5,"23":5,"24":5,"25":5,"26":5,"27":5,"28":5,"29":5,"30":5,"31":5,"32":5,"33":5,"34":5,"35":5,"36":5,"37":5,"38":5,"39":5,"40":5,"41":5,"42":5,"43":5,"44":5,"45":5},"f":{},"b":{},"meta":{"lastBranch":0,"lastFunction":0,"lastStatement":46,"seen":{"s:4:17:27:Infinity":0,"s:29:21:37:Infinity":1,"s:39:20:39:Infinity":2,"s:42:16:48:Infinity":3,"s:55:21:55:Infinity":4,"s:61:20:66:Infinity":5,"s:69:22:69:Infinity":6,"s:80:22:88:Infinity":7,"s:92:16:92:Infinity":8,"s:96:22:96:Infinity":9,"s:100:22:100:Infinity":10,"s:108:17:108:Infinity":11,"s:121:20:121:Infinity":12,"s:132:22:132:Infinity":13,"s:139:19:139:Infinity":14,"s:146:17:162:Infinity":15,"s:166:21:170:Infinity":16,"s:175:22:180:Infinity":17,"s:185:20:200:Infinity":18,"s:205:20:209:Infinity":19,"s:212:21:218:Infinity":20,"s:222:27:222:Infinity":21,"s:227:20:231:Infinity":22,"s:234:22:242:Infinity":23,"s:246:21:246:Infinity":24,"s:255:21:257:Infinity":25,"s:261:20:263:Infinity":26,"s:266:25:266:Infinity":27,"s:273:12:281:Infinity":28,"s:284:18:286:Infinity":29,"s:289:19:291:Infinity":30,"s:294:15:295:Infinity":31,"s:299:15:299:Infinity":32,"s:305:22:312:Infinity":33,"s:315:20:318:Infinity":34,"s:321:21:323:Infinity":35,"s:327:22:343:Infinity":36,"s:347:21:347:Infinity":37,"s:356:17:360:Infinity":38,"s:364:19:369:Infinity":39,"s:375:17:381:Infinity":40,"s:385:15:385:Infinity":41,"s:389:18:389:Infinity":42,"s:394:19:394:Infinity":43,"s:398:19:403:Infinity":44,"s:408:22:451:Infinity":45},"fnNames":{}}}
}
